[ 2017-05-17T16:10:22+08:00 ] ::1 /personalCenter/h5admin/index.php/Oauth/index.html
INFO: [ app_init ] --START--
INFO: Run Behavior\BuildLiteBehavior [ RunTime:0.000026s ]
INFO: [ app_init ] --END-- [ RunTime:0.000744s ]
ERR: 无法加载模块:Oauth

[ 2017-05-17T16:12:22+08:00 ] ::1 /personalCenter/h5admin/index.php/Oauth/index.html
INFO: [ app_init ] --START--
INFO: Run Behavior\BuildLiteBehavior [ RunTime:0.000021s ]
INFO: [ app_init ] --END-- [ RunTime:0.000617s ]
ERR: 无法加载模块:Oauth

[ 2017-05-17T16:18:54+08:00 ] ::1 /personalCenter/h5admin/index.php/Oauth/index
INFO: [ app_init ] --START--
INFO: Run Behavior\BuildLiteBehavior [ RunTime:0.000021s ]
INFO: [ app_init ] --END-- [ RunTime:0.000513s ]
ERR: 无法加载模块:Oauth

[ 2017-05-17T16:26:09+08:00 ] ::1 /personalCenter/h5admin/index.php/personalCenter/h5admin/index.php/Oauth/index.html.html
INFO: [ app_init ] --START--
INFO: Run Behavior\BuildLiteBehavior [ RunTime:0.000019s ]
INFO: [ app_init ] --END-- [ RunTime:0.000511s ]
ERR: 无法加载模块:PersonalCenter

[ 2017-05-17T16:26:40+08:00 ] ::1 /personalCenter/h5admin/index.php/personalCenter/h5admin/index.php/Oauth/index.html.html
INFO: [ app_init ] --START--
INFO: Run Behavior\BuildLiteBehavior [ RunTime:0.000025s ]
INFO: [ app_init ] --END-- [ RunTime:0.000702s ]
ERR: 无法加载模块:PersonalCenter

[ 2017-05-17T16:26:41+08:00 ] ::1 /personalCenter/h5admin/index.php/personalCenter/h5admin/index.php/Oauth/index.html.html
INFO: [ app_init ] --START--
INFO: Run Behavior\BuildLiteBehavior [ RunTime:0.000025s ]
INFO: [ app_init ] --END-- [ RunTime:0.000697s ]
ERR: 无法加载模块:PersonalCenter

[ 2017-05-17T16:26:43+08:00 ] ::1 /personalCenter/h5admin/index.php/Oauth/index.html
INFO: [ app_init ] --START--
INFO: Run Behavior\BuildLiteBehavior [ RunTime:0.000021s ]
INFO: [ app_init ] --END-- [ RunTime:0.000584s ]
ERR: 无法加载模块:Oauth

[ 2017-05-17T16:38:17+08:00 ] ::1 /personalCenter/h5admin/index.php/Index/test.html
INFO: [ app_init ] --START--
INFO: Run Behavior\BuildLiteBehavior [ RunTime:0.000021s ]
INFO: [ app_init ] --END-- [ RunTime:0.000479s ]
ERR: 无法加载模块:Index

