[ 2017-05-31T20:51:54+08:00 ] ::1 /personalCenter/h5admin/index.php/Home/StudentInfo/getAllStduentlist
INFO: [ app_begin ] --START--
INFO: Run Behavior\ReadHtmlCacheBehavior [ RunTime:0.000859s ]
INFO: [ app_begin ] --END-- [ RunTime:0.001565s ]
NOTIC: [8] Undefined index: userid D:\wamp64\www\personalCenter\h5admin\Application\Home\Controller\StudentInfoController.class.php 第 31 行.
NOTIC: [2] file_get_contents(): Unable to locate certificate CN D:\wamp64\www\personalCenter\h5admin\Application\Home\Controller\StudentInfoController.class.php 第 37 行.
NOTIC: [2] file_get_contents(): SSL operation failed with code 1. OpenSSL Error messages:
error:14090086:SSL routines:SSL3_GET_SERVER_CERTIFICATE:certificate verify failed D:\wamp64\www\personalCenter\h5admin\Application\Home\Controller\StudentInfoController.class.php 第 37 行.
NOTIC: [2] file_get_contents(): Failed to enable crypto D:\wamp64\www\personalCenter\h5admin\Application\Home\Controller\StudentInfoController.class.php 第 37 行.
NOTIC: [2] file_get_contents(https://api.mysspku.com/index.php/V2/TeacherInfo/getStudents?teacherid=1601210606&amp;token=aaaaaaaaaaaaaaaaaaaaaaaaaaaaaaaa): failed to open stream: operation failed D:\wamp64\www\personalCenter\h5admin\Application\Home\Controller\StudentInfoController.class.php 第 37 行.
NOTIC: [2] Invalid argument supplied for foreach() D:\wamp64\www\personalCenter\h5admin\Application\Home\Controller\StudentInfoController.class.php 第 58 行.

[ 2017-05-31T20:52:24+08:00 ] ::1 /personalCenter/h5admin/index.php/Home/StudentInfo/getAllStduentlist
INFO: [ app_begin ] --START--
INFO: Run Behavior\ReadHtmlCacheBehavior [ RunTime:0.000642s ]
INFO: [ app_begin ] --END-- [ RunTime:0.001140s ]
NOTIC: [8] Undefined index: userid D:\wamp64\www\personalCenter\h5admin\Application\Home\Controller\StudentInfoController.class.php 第 32 行.
NOTIC: [2] file_get_contents(): Unable to locate certificate CN D:\wamp64\www\personalCenter\h5admin\Application\Home\Controller\StudentInfoController.class.php 第 38 行.
NOTIC: [2] file_get_contents(): SSL operation failed with code 1. OpenSSL Error messages:
error:14090086:SSL routines:SSL3_GET_SERVER_CERTIFICATE:certificate verify failed D:\wamp64\www\personalCenter\h5admin\Application\Home\Controller\StudentInfoController.class.php 第 38 行.
NOTIC: [2] file_get_contents(): Failed to enable crypto D:\wamp64\www\personalCenter\h5admin\Application\Home\Controller\StudentInfoController.class.php 第 38 行.
NOTIC: [2] file_get_contents(https://api.mysspku.com/index.php/V2/TeacherInfo/getStudents?teacherid=1601210606&amp;token=aaaaaaaaaaaaaaaaaaaaaaaaaaaaaaaa): failed to open stream: operation failed D:\wamp64\www\personalCenter\h5admin\Application\Home\Controller\StudentInfoController.class.php 第 38 行.
NOTIC: [2] Invalid argument supplied for foreach() D:\wamp64\www\personalCenter\h5admin\Application\Home\Controller\StudentInfoController.class.php 第 59 行.

[ 2017-05-31T20:54:13+08:00 ] ::1 /personalCenter/h5admin/index.php/Home/StudentInfo/getAllStduentlist
INFO: [ app_begin ] --START--
INFO: Run Behavior\ReadHtmlCacheBehavior [ RunTime:0.000588s ]
INFO: [ app_begin ] --END-- [ RunTime:0.001188s ]
NOTIC: [8] Undefined index: userid D:\wamp64\www\personalCenter\h5admin\Application\Home\Controller\StudentInfoController.class.php 第 32 行.
NOTIC: [2] file_get_contents(): Unable to locate certificate CN D:\wamp64\www\personalCenter\h5admin\Application\Home\Controller\StudentInfoController.class.php 第 38 行.
NOTIC: [2] file_get_contents(): SSL operation failed with code 1. OpenSSL Error messages:
error:14090086:SSL routines:SSL3_GET_SERVER_CERTIFICATE:certificate verify failed D:\wamp64\www\personalCenter\h5admin\Application\Home\Controller\StudentInfoController.class.php 第 38 行.
NOTIC: [2] file_get_contents(): Failed to enable crypto D:\wamp64\www\personalCenter\h5admin\Application\Home\Controller\StudentInfoController.class.php 第 38 行.
NOTIC: [2] file_get_contents(https://api.mysspku.com/index.php/V2/TeacherInfo/getStudents?teacherid=1601210606&amp;token=aaaaaaaaaaaaaaaaaaaaaaaaaaaaaaaa): failed to open stream: operation failed D:\wamp64\www\personalCenter\h5admin\Application\Home\Controller\StudentInfoController.class.php 第 38 行.
NOTIC: [2] Invalid argument supplied for foreach() D:\wamp64\www\personalCenter\h5admin\Application\Home\Controller\StudentInfoController.class.php 第 59 行.

[ 2017-05-31T21:02:41+08:00 ] ::1 /personalCenter/h5admin/index.php/Home/StudentInfo/getAllStduentlist
INFO: [ app_begin ] --START--
INFO: Run Behavior\ReadHtmlCacheBehavior [ RunTime:0.000590s ]
INFO: [ app_begin ] --END-- [ RunTime:0.001112s ]
NOTIC: [8] Undefined index: userid D:\wamp64\www\personalCenter\h5admin\Application\Home\Controller\StudentInfoController.class.php 第 32 行.
NOTIC: [2] file_get_contents(): Unable to locate certificate CN D:\wamp64\www\personalCenter\h5admin\Application\Home\Controller\StudentInfoController.class.php 第 38 行.
NOTIC: [2] file_get_contents(): SSL operation failed with code 1. OpenSSL Error messages:
error:14090086:SSL routines:SSL3_GET_SERVER_CERTIFICATE:certificate verify failed D:\wamp64\www\personalCenter\h5admin\Application\Home\Controller\StudentInfoController.class.php 第 38 行.
NOTIC: [2] file_get_contents(): Failed to enable crypto D:\wamp64\www\personalCenter\h5admin\Application\Home\Controller\StudentInfoController.class.php 第 38 行.
NOTIC: [2] file_get_contents(https://api.mysspku.com/index.php/V2/TeacherInfo/getStudents?teacherid=1601210606&amp;token=aaaaaaaaaaaaaaaaaaaaaaaaaaaaaaaa): failed to open stream: operation failed D:\wamp64\www\personalCenter\h5admin\Application\Home\Controller\StudentInfoController.class.php 第 38 行.
NOTIC: [2] Invalid argument supplied for foreach() D:\wamp64\www\personalCenter\h5admin\Application\Home\Controller\StudentInfoController.class.php 第 59 行.

[ 2017-05-31T21:12:54+08:00 ] ::1 /personalCenter/h5admin/index.php/Home/StudentInfo/getAllStduentlist
INFO: [ app_begin ] --START--
INFO: Run Behavior\ReadHtmlCacheBehavior [ RunTime:0.000587s ]
INFO: [ app_begin ] --END-- [ RunTime:0.001107s ]
NOTIC: [8] Undefined index: userid D:\wamp64\www\personalCenter\h5admin\Application\Home\Controller\StudentInfoController.class.php 第 32 行.
NOTIC: [2] file_get_contents(): Unable to locate certificate CN D:\wamp64\www\personalCenter\h5admin\Application\Home\Controller\StudentInfoController.class.php 第 38 行.
NOTIC: [2] file_get_contents(): SSL operation failed with code 1. OpenSSL Error messages:
error:14090086:SSL routines:SSL3_GET_SERVER_CERTIFICATE:certificate verify failed D:\wamp64\www\personalCenter\h5admin\Application\Home\Controller\StudentInfoController.class.php 第 38 行.
NOTIC: [2] file_get_contents(): Failed to enable crypto D:\wamp64\www\personalCenter\h5admin\Application\Home\Controller\StudentInfoController.class.php 第 38 行.
NOTIC: [2] file_get_contents(https://api.mysspku.com/index.php/V2/TeacherInfo/getStudents?teacherid=1601210606&amp;token=aaaaaaaaaaaaaaaaaaaaaaaaaaaaaaaa): failed to open stream: operation failed D:\wamp64\www\personalCenter\h5admin\Application\Home\Controller\StudentInfoController.class.php 第 38 行.
NOTIC: [2] Invalid argument supplied for foreach() D:\wamp64\www\personalCenter\h5admin\Application\Home\Controller\StudentInfoController.class.php 第 59 行.

[ 2017-05-31T21:12:55+08:00 ] ::1 /personalCenter/h5admin/index.php/Home/StudentInfo/getAllStduentlist
INFO: [ app_begin ] --START--
INFO: Run Behavior\ReadHtmlCacheBehavior [ RunTime:0.000578s ]
INFO: [ app_begin ] --END-- [ RunTime:0.001087s ]
NOTIC: [8] Undefined index: userid D:\wamp64\www\personalCenter\h5admin\Application\Home\Controller\StudentInfoController.class.php 第 32 行.
NOTIC: [2] file_get_contents(): Unable to locate certificate CN D:\wamp64\www\personalCenter\h5admin\Application\Home\Controller\StudentInfoController.class.php 第 38 行.
NOTIC: [2] file_get_contents(): SSL operation failed with code 1. OpenSSL Error messages:
error:14090086:SSL routines:SSL3_GET_SERVER_CERTIFICATE:certificate verify failed D:\wamp64\www\personalCenter\h5admin\Application\Home\Controller\StudentInfoController.class.php 第 38 行.
NOTIC: [2] file_get_contents(): Failed to enable crypto D:\wamp64\www\personalCenter\h5admin\Application\Home\Controller\StudentInfoController.class.php 第 38 行.
NOTIC: [2] file_get_contents(https://api.mysspku.com/index.php/V2/TeacherInfo/getStudents?teacherid=1601210606&amp;token=aaaaaaaaaaaaaaaaaaaaaaaaaaaaaaaa): failed to open stream: operation failed D:\wamp64\www\personalCenter\h5admin\Application\Home\Controller\StudentInfoController.class.php 第 38 行.
NOTIC: [2] Invalid argument supplied for foreach() D:\wamp64\www\personalCenter\h5admin\Application\Home\Controller\StudentInfoController.class.php 第 59 行.

[ 2017-05-31T21:13:04+08:00 ] ::1 /personalCenter/h5admin/index.php/Home/StudentInfo/getAllStduentlist
INFO: [ app_begin ] --START--
INFO: Run Behavior\ReadHtmlCacheBehavior [ RunTime:0.000710s ]
INFO: [ app_begin ] --END-- [ RunTime:0.001599s ]
NOTIC: [8] Undefined index: userid D:\wamp64\www\personalCenter\h5admin\Application\Home\Controller\StudentInfoController.class.php 第 32 行.
NOTIC: [2] file_get_contents(): Unable to locate certificate CN D:\wamp64\www\personalCenter\h5admin\Application\Home\Controller\StudentInfoController.class.php 第 38 行.
NOTIC: [2] file_get_contents(): SSL operation failed with code 1. OpenSSL Error messages:
error:14090086:SSL routines:SSL3_GET_SERVER_CERTIFICATE:certificate verify failed D:\wamp64\www\personalCenter\h5admin\Application\Home\Controller\StudentInfoController.class.php 第 38 行.
NOTIC: [2] file_get_contents(): Failed to enable crypto D:\wamp64\www\personalCenter\h5admin\Application\Home\Controller\StudentInfoController.class.php 第 38 行.
NOTIC: [2] file_get_contents(https://api.mysspku.com/index.php/V2/TeacherInfo/getStudents?teacherid=1601210606&amp;token=aaaaaaaaaaaaaaaaaaaaaaaaaaaaaaaa): failed to open stream: operation failed D:\wamp64\www\personalCenter\h5admin\Application\Home\Controller\StudentInfoController.class.php 第 38 行.
NOTIC: [2] Invalid argument supplied for foreach() D:\wamp64\www\personalCenter\h5admin\Application\Home\Controller\StudentInfoController.class.php 第 59 行.

[ 2017-05-31T21:13:44+08:00 ] ::1 /personalCenter/h5admin/index.php/Home/StudentInfo/getAllStduentlist
INFO: [ app_begin ] --START--
INFO: Run Behavior\ReadHtmlCacheBehavior [ RunTime:0.000650s ]
INFO: [ app_begin ] --END-- [ RunTime:0.001213s ]
NOTIC: [8] Undefined index: userid D:\wamp64\www\personalCenter\h5admin\Application\Home\Controller\StudentInfoController.class.php 第 32 行.
NOTIC: [2] file_get_contents(): Unable to locate certificate CN D:\wamp64\www\personalCenter\h5admin\Application\Home\Controller\StudentInfoController.class.php 第 38 行.
NOTIC: [2] file_get_contents(): SSL operation failed with code 1. OpenSSL Error messages:
error:14090086:SSL routines:SSL3_GET_SERVER_CERTIFICATE:certificate verify failed D:\wamp64\www\personalCenter\h5admin\Application\Home\Controller\StudentInfoController.class.php 第 38 行.
NOTIC: [2] file_get_contents(): Failed to enable crypto D:\wamp64\www\personalCenter\h5admin\Application\Home\Controller\StudentInfoController.class.php 第 38 行.
NOTIC: [2] file_get_contents(https://api.mysspku.com/index.php/V2/TeacherInfo/getStudents?teacherid=1601210606&amp;token=aaaaaaaaaaaaaaaaaaaaaaaaaaaaaaaa): failed to open stream: operation failed D:\wamp64\www\personalCenter\h5admin\Application\Home\Controller\StudentInfoController.class.php 第 38 行.
NOTIC: [2] Invalid argument supplied for foreach() D:\wamp64\www\personalCenter\h5admin\Application\Home\Controller\StudentInfoController.class.php 第 59 行.

[ 2017-05-31T21:20:37+08:00 ] ::1 /personalCenter/h5admin/index.php/Home/StudentInfo/getAllStduentlist
INFO: [ app_begin ] --START--
INFO: Run Behavior\ReadHtmlCacheBehavior [ RunTime:0.001210s ]
INFO: [ app_begin ] --END-- [ RunTime:0.001757s ]
NOTIC: [2] file_get_contents(): Unable to locate certificate CN D:\wamp64\www\personalCenter\h5admin\Application\Home\Controller\StudentInfoController.class.php 第 38 行.
NOTIC: [2] file_get_contents(): SSL operation failed with code 1. OpenSSL Error messages:
error:14090086:SSL routines:SSL3_GET_SERVER_CERTIFICATE:certificate verify failed D:\wamp64\www\personalCenter\h5admin\Application\Home\Controller\StudentInfoController.class.php 第 38 行.
NOTIC: [2] file_get_contents(): Failed to enable crypto D:\wamp64\www\personalCenter\h5admin\Application\Home\Controller\StudentInfoController.class.php 第 38 行.
NOTIC: [2] file_get_contents(https://api.mysspku.com/index.php/V2/TeacherInfo/getStudents?teacherid=1601210606&amp;token=aaaaaaaaaaaaaaaaaaaaaaaaaaaaaaaa): failed to open stream: operation failed D:\wamp64\www\personalCenter\h5admin\Application\Home\Controller\StudentInfoController.class.php 第 38 行.
NOTIC: [2] file_get_contents(): Unable to locate certificate CN D:\wamp64\www\personalCenter\h5admin\Application\Home\Controller\StudentInfoController.class.php 第 52 行.
NOTIC: [2] file_get_contents(): SSL operation failed with code 1. OpenSSL Error messages:
error:14090086:SSL routines:SSL3_GET_SERVER_CERTIFICATE:certificate verify failed D:\wamp64\www\personalCenter\h5admin\Application\Home\Controller\StudentInfoController.class.php 第 52 行.
NOTIC: [2] file_get_contents(): Failed to enable crypto D:\wamp64\www\personalCenter\h5admin\Application\Home\Controller\StudentInfoController.class.php 第 52 行.
NOTIC: [2] file_get_contents(https://api.mysspku.com/index.php/V2/TeacherInfo/getStudents?teacherid=1601210606&amp;token=aaaaaaaaaaaaaaaaaaaaaaaaaaaaaaaa): failed to open stream: operation failed D:\wamp64\www\personalCenter\h5admin\Application\Home\Controller\StudentInfoController.class.php 第 52 行.
INFO: [ app_end ] --START--
INFO: Run Behavior\ShowPageTraceBehavior [ RunTime:0.000810s ]
INFO: [ app_end ] --END-- [ RunTime:0.000899s ]

[ 2017-05-31T21:52:54+08:00 ] ::1 /personalCenter/h5admin/index.php/Home/StudentInfo/getAllStduentlist
INFO: [ app_begin ] --START--
INFO: Run Behavior\ReadHtmlCacheBehavior [ RunTime:0.000688s ]
INFO: [ app_begin ] --END-- [ RunTime:0.001268s ]
NOTIC: [2] file_get_contents(): Unable to locate certificate CN D:\wamp64\www\personalCenter\h5admin\Application\Home\Controller\StudentInfoController.class.php 第 33 行.
NOTIC: [2] file_get_contents(): SSL operation failed with code 1. OpenSSL Error messages:
error:14090086:SSL routines:SSL3_GET_SERVER_CERTIFICATE:certificate verify failed D:\wamp64\www\personalCenter\h5admin\Application\Home\Controller\StudentInfoController.class.php 第 33 行.
NOTIC: [2] file_get_contents(): Failed to enable crypto D:\wamp64\www\personalCenter\h5admin\Application\Home\Controller\StudentInfoController.class.php 第 33 行.
NOTIC: [2] file_get_contents(https://api.mysspku.com/index.php/V2/TeacherInfo/getStudents?teacherid=1601210606&amp;token=aaaaaaaaaaaaaaaaaaaaaaaaaaaaaaaa): failed to open stream: operation failed D:\wamp64\www\personalCenter\h5admin\Application\Home\Controller\StudentInfoController.class.php 第 33 行.
INFO: [ app_end ] --START--
INFO: Run Behavior\ShowPageTraceBehavior [ RunTime:0.000621s ]
INFO: [ app_end ] --END-- [ RunTime:0.000705s ]

[ 2017-05-31T21:57:00+08:00 ] ::1 /personalCenter/h5admin/index.php/Home/StudentInfo/getAllStduentlist
INFO: [ app_begin ] --START--
INFO: Run Behavior\ReadHtmlCacheBehavior [ RunTime:0.000772s ]
INFO: [ app_begin ] --END-- [ RunTime:0.001460s ]
NOTIC: [2] file_get_contents(): Unable to locate certificate CN D:\wamp64\www\personalCenter\h5admin\Application\Home\Controller\StudentInfoController.class.php 第 33 行.
NOTIC: [2] file_get_contents(): SSL operation failed with code 1. OpenSSL Error messages:
error:14090086:SSL routines:SSL3_GET_SERVER_CERTIFICATE:certificate verify failed D:\wamp64\www\personalCenter\h5admin\Application\Home\Controller\StudentInfoController.class.php 第 33 行.
NOTIC: [2] file_get_contents(): Failed to enable crypto D:\wamp64\www\personalCenter\h5admin\Application\Home\Controller\StudentInfoController.class.php 第 33 行.
NOTIC: [2] file_get_contents(https://api.mysspku.com/index.php/V2/TeacherInfo/getStudents?teacherid=1601210606&amp;token=aaaaaaaaaaaaaaaaaaaaaaaaaaaaaaaa): failed to open stream: operation failed D:\wamp64\www\personalCenter\h5admin\Application\Home\Controller\StudentInfoController.class.php 第 33 行.
INFO: [ app_end ] --START--
INFO: Run Behavior\ShowPageTraceBehavior [ RunTime:0.002162s ]
INFO: [ app_end ] --END-- [ RunTime:0.002484s ]

[ 2017-05-31T21:58:02+08:00 ] ::1 /personalCenter/h5admin/index.php/Home/StudentInfo/getAllStduentlist
INFO: [ app_begin ] --START--
INFO: Run Behavior\ReadHtmlCacheBehavior [ RunTime:0.000979s ]
INFO: [ app_begin ] --END-- [ RunTime:0.001630s ]
NOTIC: [2] file_get_contents(): Unable to locate certificate CN D:\wamp64\www\personalCenter\h5admin\Application\Home\Controller\StudentInfoController.class.php 第 33 行.
NOTIC: [2] file_get_contents(): SSL operation failed with code 1. OpenSSL Error messages:
error:14090086:SSL routines:SSL3_GET_SERVER_CERTIFICATE:certificate verify failed D:\wamp64\www\personalCenter\h5admin\Application\Home\Controller\StudentInfoController.class.php 第 33 行.
NOTIC: [2] file_get_contents(): Failed to enable crypto D:\wamp64\www\personalCenter\h5admin\Application\Home\Controller\StudentInfoController.class.php 第 33 行.
NOTIC: [2] file_get_contents(https://api.mysspku.com/index.php/V2/TeacherInfo/getStudents?teacherid=1601210606&amp;token=aaaaaaaaaaaaaaaaaaaaaaaaaaaaaaaa): failed to open stream: operation failed D:\wamp64\www\personalCenter\h5admin\Application\Home\Controller\StudentInfoController.class.php 第 33 行.
NOTIC: [2] Invalid argument supplied for foreach() D:\wamp64\www\personalCenter\h5admin\Application\Home\Controller\StudentInfoController.class.php 第 55 行.

[ 2017-05-31T21:58:10+08:00 ] ::1 /personalCenter/h5admin/index.php/Home/StudentInfo/getAllStduentlist
INFO: [ app_begin ] --START--
INFO: Run Behavior\ReadHtmlCacheBehavior [ RunTime:0.000672s ]
INFO: [ app_begin ] --END-- [ RunTime:0.001227s ]
NOTIC: [2] file_get_contents(): Unable to locate certificate CN D:\wamp64\www\personalCenter\h5admin\Application\Home\Controller\StudentInfoController.class.php 第 33 行.
NOTIC: [2] file_get_contents(): SSL operation failed with code 1. OpenSSL Error messages:
error:14090086:SSL routines:SSL3_GET_SERVER_CERTIFICATE:certificate verify failed D:\wamp64\www\personalCenter\h5admin\Application\Home\Controller\StudentInfoController.class.php 第 33 行.
NOTIC: [2] file_get_contents(): Failed to enable crypto D:\wamp64\www\personalCenter\h5admin\Application\Home\Controller\StudentInfoController.class.php 第 33 行.
NOTIC: [2] file_get_contents(https://api.mysspku.com/index.php/V2/TeacherInfo/getStudents?teacherid=1601210606&amp;token=aaaaaaaaaaaaaaaaaaaaaaaaaaaaaaaa): failed to open stream: operation failed D:\wamp64\www\personalCenter\h5admin\Application\Home\Controller\StudentInfoController.class.php 第 33 行.
NOTIC: [2] Invalid argument supplied for foreach() D:\wamp64\www\personalCenter\h5admin\Application\Home\Controller\StudentInfoController.class.php 第 55 行.

[ 2017-05-31T22:02:15+08:00 ] ::1 /personalCenter/h5admin/index.php/Home/StudentInfo/getAllStduentlist
INFO: [ app_begin ] --START--
INFO: Run Behavior\ReadHtmlCacheBehavior [ RunTime:0.000650s ]
INFO: [ app_begin ] --END-- [ RunTime:0.001107s ]
NOTIC: [2] file_get_contents(): Unable to locate certificate CN D:\wamp64\www\personalCenter\h5admin\Application\Home\Controller\StudentInfoController.class.php 第 33 行.
NOTIC: [2] file_get_contents(): SSL operation failed with code 1. OpenSSL Error messages:
error:14090086:SSL routines:SSL3_GET_SERVER_CERTIFICATE:certificate verify failed D:\wamp64\www\personalCenter\h5admin\Application\Home\Controller\StudentInfoController.class.php 第 33 行.
NOTIC: [2] file_get_contents(): Failed to enable crypto D:\wamp64\www\personalCenter\h5admin\Application\Home\Controller\StudentInfoController.class.php 第 33 行.
NOTIC: [2] file_get_contents(https://api.mysspku.com/index.php/V2/TeacherInfo/getStudents?teacherid=1601210606&amp;token=aaaaaaaaaaaaaaaaaaaaaaaaaaaaaaaa): failed to open stream: operation failed D:\wamp64\www\personalCenter\h5admin\Application\Home\Controller\StudentInfoController.class.php 第 33 行.
NOTIC: [2] Invalid argument supplied for foreach() D:\wamp64\www\personalCenter\h5admin\Application\Home\Controller\StudentInfoController.class.php 第 55 行.

[ 2017-05-31T22:03:00+08:00 ] ::1 /personalCenter/h5admin/index.php/Home/StudentInfo/getAllStduentlist
INFO: [ app_begin ] --START--
INFO: Run Behavior\ReadHtmlCacheBehavior [ RunTime:0.001104s ]
INFO: [ app_begin ] --END-- [ RunTime:0.001693s ]
NOTIC: [2] file_get_contents(): Unable to locate certificate CN D:\wamp64\www\personalCenter\h5admin\Application\Home\Controller\StudentInfoController.class.php 第 33 行.
NOTIC: [2] file_get_contents(): SSL operation failed with code 1. OpenSSL Error messages:
error:14090086:SSL routines:SSL3_GET_SERVER_CERTIFICATE:certificate verify failed D:\wamp64\www\personalCenter\h5admin\Application\Home\Controller\StudentInfoController.class.php 第 33 行.
NOTIC: [2] file_get_contents(): Failed to enable crypto D:\wamp64\www\personalCenter\h5admin\Application\Home\Controller\StudentInfoController.class.php 第 33 行.
NOTIC: [2] file_get_contents(https://api.mysspku.com/index.php/V2/TeacherInfo/getStudents?teacherid=1601210606&amp;token=aaaaaaaaaaaaaaaaaaaaaaaaaaaaaaaa): failed to open stream: operation failed D:\wamp64\www\personalCenter\h5admin\Application\Home\Controller\StudentInfoController.class.php 第 33 行.
NOTIC: [2] Invalid argument supplied for foreach() D:\wamp64\www\personalCenter\h5admin\Application\Home\Controller\StudentInfoController.class.php 第 55 行.

[ 2017-05-31T22:03:17+08:00 ] ::1 /personalCenter/h5admin/index.php/Home/StudentInfo/getAllStduentlist
INFO: [ app_begin ] --START--
INFO: Run Behavior\ReadHtmlCacheBehavior [ RunTime:0.000818s ]
INFO: [ app_begin ] --END-- [ RunTime:0.001468s ]
NOTIC: [2] file_get_contents(): Unable to locate certificate CN D:\wamp64\www\personalCenter\h5admin\Application\Home\Controller\StudentInfoController.class.php 第 33 行.
NOTIC: [2] file_get_contents(): SSL operation failed with code 1. OpenSSL Error messages:
error:14090086:SSL routines:SSL3_GET_SERVER_CERTIFICATE:certificate verify failed D:\wamp64\www\personalCenter\h5admin\Application\Home\Controller\StudentInfoController.class.php 第 33 行.
NOTIC: [2] file_get_contents(): Failed to enable crypto D:\wamp64\www\personalCenter\h5admin\Application\Home\Controller\StudentInfoController.class.php 第 33 行.
NOTIC: [2] file_get_contents(https://api.mysspku.com/index.php/V2/TeacherInfo/getStudents?teacherid=1601210606&amp;token=aaaaaaaaaaaaaaaaaaaaaaaaaaaaaaaa): failed to open stream: operation failed D:\wamp64\www\personalCenter\h5admin\Application\Home\Controller\StudentInfoController.class.php 第 33 行.
NOTIC: [2] Invalid argument supplied for foreach() D:\wamp64\www\personalCenter\h5admin\Application\Home\Controller\StudentInfoController.class.php 第 55 行.

[ 2017-05-31T22:06:39+08:00 ] ::1 /personalCenter/h5admin/index.php/Home/StudentInfo/getAllStduentlist
INFO: [ app_begin ] --START--
INFO: Run Behavior\ReadHtmlCacheBehavior [ RunTime:0.000772s ]
INFO: [ app_begin ] --END-- [ RunTime:0.001350s ]
NOTIC: [2] file_get_contents(): Unable to locate certificate CN D:\wamp64\www\personalCenter\h5admin\Application\Home\Controller\StudentInfoController.class.php 第 33 行.
NOTIC: [2] file_get_contents(): SSL operation failed with code 1. OpenSSL Error messages:
error:14090086:SSL routines:SSL3_GET_SERVER_CERTIFICATE:certificate verify failed D:\wamp64\www\personalCenter\h5admin\Application\Home\Controller\StudentInfoController.class.php 第 33 行.
NOTIC: [2] file_get_contents(): Failed to enable crypto D:\wamp64\www\personalCenter\h5admin\Application\Home\Controller\StudentInfoController.class.php 第 33 行.
NOTIC: [2] file_get_contents(https://api.mysspku.com/index.php/V2/TeacherInfo/getStudents?teacherid=1601210606&amp;token=aaaaaaaaaaaaaaaaaaaaaaaaaaaaaaaa): failed to open stream: operation failed D:\wamp64\www\personalCenter\h5admin\Application\Home\Controller\StudentInfoController.class.php 第 33 行.
NOTIC: [2] Invalid argument supplied for foreach() D:\wamp64\www\personalCenter\h5admin\Application\Home\Controller\StudentInfoController.class.php 第 55 行.

[ 2017-05-31T22:06:46+08:00 ] ::1 /personalCenter/h5admin/index.php/Home/StudentInfo/getAllStduentlist
INFO: [ app_begin ] --START--
INFO: Run Behavior\ReadHtmlCacheBehavior [ RunTime:0.000952s ]
INFO: [ app_begin ] --END-- [ RunTime:0.001473s ]
NOTIC: [2] file_get_contents(): Unable to locate certificate CN D:\wamp64\www\personalCenter\h5admin\Application\Home\Controller\StudentInfoController.class.php 第 33 行.
NOTIC: [2] file_get_contents(): SSL operation failed with code 1. OpenSSL Error messages:
error:14090086:SSL routines:SSL3_GET_SERVER_CERTIFICATE:certificate verify failed D:\wamp64\www\personalCenter\h5admin\Application\Home\Controller\StudentInfoController.class.php 第 33 行.
NOTIC: [2] file_get_contents(): Failed to enable crypto D:\wamp64\www\personalCenter\h5admin\Application\Home\Controller\StudentInfoController.class.php 第 33 行.
NOTIC: [2] file_get_contents(https://api.mysspku.com/index.php/V2/TeacherInfo/getStudents?teacherid=1601210606&amp;token=aaaaaaaaaaaaaaaaaaaaaaaaaaaaaaaa): failed to open stream: operation failed D:\wamp64\www\personalCenter\h5admin\Application\Home\Controller\StudentInfoController.class.php 第 33 行.
NOTIC: [2] Invalid argument supplied for foreach() D:\wamp64\www\personalCenter\h5admin\Application\Home\Controller\StudentInfoController.class.php 第 55 行.

[ 2017-05-31T22:07:24+08:00 ] ::1 /personalCenter/h5admin/index.php/Home/StudentInfo/localhost/personalCenter/h5admin/index.php/Home/StudentInfo/getAllStduentlist
INFO: [ app_begin ] --START--
INFO: Run Behavior\ReadHtmlCacheBehavior [ RunTime:0.000911s ]
INFO: [ app_begin ] --END-- [ RunTime:0.001697s ]
ERR: 非法操作:localhost

[ 2017-05-31T22:07:50+08:00 ] ::1 /personalCenter/h5admin/index.php/Home/StudentInfo/getAllStduentlist
INFO: [ app_begin ] --START--
INFO: Run Behavior\ReadHtmlCacheBehavior [ RunTime:0.000891s ]
INFO: [ app_begin ] --END-- [ RunTime:0.001637s ]
NOTIC: [2] file_get_contents(): Unable to locate certificate CN D:\wamp64\www\personalCenter\h5admin\Application\Home\Controller\StudentInfoController.class.php 第 33 行.
NOTIC: [2] file_get_contents(): SSL operation failed with code 1. OpenSSL Error messages:
error:14090086:SSL routines:SSL3_GET_SERVER_CERTIFICATE:certificate verify failed D:\wamp64\www\personalCenter\h5admin\Application\Home\Controller\StudentInfoController.class.php 第 33 行.
NOTIC: [2] file_get_contents(): Failed to enable crypto D:\wamp64\www\personalCenter\h5admin\Application\Home\Controller\StudentInfoController.class.php 第 33 行.
NOTIC: [2] file_get_contents(https://api.mysspku.com/index.php/V2/TeacherInfo/getStudents?teacherid=1601210606&amp;token=aaaaaaaaaaaaaaaaaaaaaaaaaaaaaaaa): failed to open stream: operation failed D:\wamp64\www\personalCenter\h5admin\Application\Home\Controller\StudentInfoController.class.php 第 33 行.
NOTIC: [2] Invalid argument supplied for foreach() D:\wamp64\www\personalCenter\h5admin\Application\Home\Controller\StudentInfoController.class.php 第 55 行.

[ 2017-05-31T22:08:49+08:00 ] ::1 /personalCenter/h5admin/index.php/Home/StudentInfo/getAllStduentlist
INFO: [ app_begin ] --START--
INFO: Run Behavior\ReadHtmlCacheBehavior [ RunTime:0.001091s ]
INFO: [ app_begin ] --END-- [ RunTime:0.001804s ]
NOTIC: [2] file_get_contents(): Unable to locate certificate CN D:\wamp64\www\personalCenter\h5admin\Application\Home\Controller\StudentInfoController.class.php 第 33 行.
NOTIC: [2] file_get_contents(): SSL operation failed with code 1. OpenSSL Error messages:
error:14090086:SSL routines:SSL3_GET_SERVER_CERTIFICATE:certificate verify failed D:\wamp64\www\personalCenter\h5admin\Application\Home\Controller\StudentInfoController.class.php 第 33 行.
NOTIC: [2] file_get_contents(): Failed to enable crypto D:\wamp64\www\personalCenter\h5admin\Application\Home\Controller\StudentInfoController.class.php 第 33 行.
NOTIC: [2] file_get_contents(https://api.mysspku.com/index.php/V2/TeacherInfo/getStudents?teacherid=1601210606&amp;token=aaaaaaaaaaaaaaaaaaaaaaaaaaaaaaaa): failed to open stream: operation failed D:\wamp64\www\personalCenter\h5admin\Application\Home\Controller\StudentInfoController.class.php 第 33 行.
NOTIC: [2] Invalid argument supplied for foreach() D:\wamp64\www\personalCenter\h5admin\Application\Home\Controller\StudentInfoController.class.php 第 55 行.

[ 2017-05-31T22:08:52+08:00 ] ::1 /personalCenter/h5admin/index.php/Home/StudentInfo/getAllStduentlist
INFO: [ app_begin ] --START--
INFO: Run Behavior\ReadHtmlCacheBehavior [ RunTime:0.000595s ]
INFO: [ app_begin ] --END-- [ RunTime:0.001100s ]
NOTIC: [2] file_get_contents(): Unable to locate certificate CN D:\wamp64\www\personalCenter\h5admin\Application\Home\Controller\StudentInfoController.class.php 第 33 行.
NOTIC: [2] file_get_contents(): SSL operation failed with code 1. OpenSSL Error messages:
error:14090086:SSL routines:SSL3_GET_SERVER_CERTIFICATE:certificate verify failed D:\wamp64\www\personalCenter\h5admin\Application\Home\Controller\StudentInfoController.class.php 第 33 行.
NOTIC: [2] file_get_contents(): Failed to enable crypto D:\wamp64\www\personalCenter\h5admin\Application\Home\Controller\StudentInfoController.class.php 第 33 行.
NOTIC: [2] file_get_contents(https://api.mysspku.com/index.php/V2/TeacherInfo/getStudents?teacherid=1601210606&amp;token=aaaaaaaaaaaaaaaaaaaaaaaaaaaaaaaa): failed to open stream: operation failed D:\wamp64\www\personalCenter\h5admin\Application\Home\Controller\StudentInfoController.class.php 第 33 行.
NOTIC: [2] Invalid argument supplied for foreach() D:\wamp64\www\personalCenter\h5admin\Application\Home\Controller\StudentInfoController.class.php 第 55 行.

[ 2017-05-31T22:10:00+08:00 ] ::1 /personalCenter/h5admin/index.php/Home/StudentInfo/getAllStduentlist
6: hello in there
[ 2017-05-31T22:10:00+08:00 ] ::1 /personalCenter/h5admin/index.php/Home/StudentInfo/getAllStduentlist
INFO: [ app_begin ] --START--
INFO: Run Behavior\ReadHtmlCacheBehavior [ RunTime:0.000700s ]
INFO: [ app_begin ] --END-- [ RunTime:0.001175s ]
NOTIC: [2] file_get_contents(): Unable to locate certificate CN D:\wamp64\www\personalCenter\h5admin\Application\Home\Controller\StudentInfoController.class.php 第 37 行.
NOTIC: [2] file_get_contents(): SSL operation failed with code 1. OpenSSL Error messages:
error:14090086:SSL routines:SSL3_GET_SERVER_CERTIFICATE:certificate verify failed D:\wamp64\www\personalCenter\h5admin\Application\Home\Controller\StudentInfoController.class.php 第 37 行.
NOTIC: [2] file_get_contents(): Failed to enable crypto D:\wamp64\www\personalCenter\h5admin\Application\Home\Controller\StudentInfoController.class.php 第 37 行.
NOTIC: [2] file_get_contents(https://api.mysspku.com/index.php/V2/TeacherInfo/getStudents?teacherid=1601210606&amp;token=aaaaaaaaaaaaaaaaaaaaaaaaaaaaaaaa): failed to open stream: operation failed D:\wamp64\www\personalCenter\h5admin\Application\Home\Controller\StudentInfoController.class.php 第 37 行.
NOTIC: [2] Invalid argument supplied for foreach() D:\wamp64\www\personalCenter\h5admin\Application\Home\Controller\StudentInfoController.class.php 第 59 行.

[ 2017-05-31T22:10:40+08:00 ] ::1 /personalCenter/h5admin/index.php/Home/StudentInfo/getAllStduentlist
6: hello in there
[ 2017-05-31T22:10:40+08:00 ] ::1 /personalCenter/h5admin/index.php/Home/StudentInfo/getAllStduentlist
6: hello in there!!!
[ 2017-05-31T22:10:40+08:00 ] ::1 /personalCenter/h5admin/index.php/Home/StudentInfo/getAllStduentlist
INFO: [ app_begin ] --START--
INFO: Run Behavior\ReadHtmlCacheBehavior [ RunTime:0.000721s ]
INFO: [ app_begin ] --END-- [ RunTime:0.001240s ]
NOTIC: [2] file_get_contents(): Unable to locate certificate CN D:\wamp64\www\personalCenter\h5admin\Application\Home\Controller\StudentInfoController.class.php 第 37 行.
NOTIC: [2] file_get_contents(): SSL operation failed with code 1. OpenSSL Error messages:
error:14090086:SSL routines:SSL3_GET_SERVER_CERTIFICATE:certificate verify failed D:\wamp64\www\personalCenter\h5admin\Application\Home\Controller\StudentInfoController.class.php 第 37 行.
NOTIC: [2] file_get_contents(): Failed to enable crypto D:\wamp64\www\personalCenter\h5admin\Application\Home\Controller\StudentInfoController.class.php 第 37 行.
NOTIC: [2] file_get_contents(https://api.mysspku.com/index.php/V2/TeacherInfo/getStudents?teacherid=1601210606&amp;token=aaaaaaaaaaaaaaaaaaaaaaaaaaaaaaaa): failed to open stream: operation failed D:\wamp64\www\personalCenter\h5admin\Application\Home\Controller\StudentInfoController.class.php 第 37 行.
NOTIC: [2] Invalid argument supplied for foreach() D:\wamp64\www\personalCenter\h5admin\Application\Home\Controller\StudentInfoController.class.php 第 59 行.

[ 2017-05-31T22:11:20+08:00 ] ::1 /personalCenter/h5admin/index.php/Home/StudentInfo/getAllStduentlist
6: hello in there
[ 2017-05-31T22:11:20+08:00 ] ::1 /personalCenter/h5admin/index.php/Home/StudentInfo/getAllStduentlist
6: hello in there!!! {"meta":{"code":0},"stuData":null,"staData":[]} 
[ 2017-05-31T22:11:20+08:00 ] ::1 /personalCenter/h5admin/index.php/Home/StudentInfo/getAllStduentlist
INFO: [ app_begin ] --START--
INFO: Run Behavior\ReadHtmlCacheBehavior [ RunTime:0.000751s ]
INFO: [ app_begin ] --END-- [ RunTime:0.001230s ]
NOTIC: [2] file_get_contents(): Unable to locate certificate CN D:\wamp64\www\personalCenter\h5admin\Application\Home\Controller\StudentInfoController.class.php 第 37 行.
NOTIC: [2] file_get_contents(): SSL operation failed with code 1. OpenSSL Error messages:
error:14090086:SSL routines:SSL3_GET_SERVER_CERTIFICATE:certificate verify failed D:\wamp64\www\personalCenter\h5admin\Application\Home\Controller\StudentInfoController.class.php 第 37 行.
NOTIC: [2] file_get_contents(): Failed to enable crypto D:\wamp64\www\personalCenter\h5admin\Application\Home\Controller\StudentInfoController.class.php 第 37 行.
NOTIC: [2] file_get_contents(https://api.mysspku.com/index.php/V2/TeacherInfo/getStudents?teacherid=1601210606&amp;token=aaaaaaaaaaaaaaaaaaaaaaaaaaaaaaaa): failed to open stream: operation failed D:\wamp64\www\personalCenter\h5admin\Application\Home\Controller\StudentInfoController.class.php 第 37 行.
NOTIC: [2] Invalid argument supplied for foreach() D:\wamp64\www\personalCenter\h5admin\Application\Home\Controller\StudentInfoController.class.php 第 59 行.

[ 2017-05-31T22:12:21+08:00 ] ::1 /personalCenter/h5admin/index.php/Home/StudentInfo/getAllStduentlist
6: hello in there
[ 2017-05-31T22:12:21+08:00 ] ::1 /personalCenter/h5admin/index.php/Home/StudentInfo/getAllStduentlist
6: hello in there!!! {"meta":{"code":0},"stuData":null,"staData":[]} 
[ 2017-05-31T22:12:21+08:00 ] ::1 /personalCenter/h5admin/index.php/Home/StudentInfo/getAllStduentlist
INFO: [ app_begin ] --START--
INFO: Run Behavior\ReadHtmlCacheBehavior [ RunTime:0.000845s ]
INFO: [ app_begin ] --END-- [ RunTime:0.001379s ]
NOTIC: [2] file_get_contents(): Unable to locate certificate CN D:\wamp64\www\personalCenter\h5admin\Application\Home\Controller\StudentInfoController.class.php 第 37 行.
NOTIC: [2] file_get_contents(): SSL operation failed with code 1. OpenSSL Error messages:
error:14090086:SSL routines:SSL3_GET_SERVER_CERTIFICATE:certificate verify failed D:\wamp64\www\personalCenter\h5admin\Application\Home\Controller\StudentInfoController.class.php 第 37 行.
NOTIC: [2] file_get_contents(): Failed to enable crypto D:\wamp64\www\personalCenter\h5admin\Application\Home\Controller\StudentInfoController.class.php 第 37 行.
NOTIC: [2] file_get_contents(https://api.mysspku.com/index.php/V2/TeacherInfo/getStudents?teacherid=1601210606&amp;token=aaaaaaaaaaaaaaaaaaaaaaaaaaaaaaaa): failed to open stream: operation failed D:\wamp64\www\personalCenter\h5admin\Application\Home\Controller\StudentInfoController.class.php 第 37 行.
NOTIC: [2] Invalid argument supplied for foreach() D:\wamp64\www\personalCenter\h5admin\Application\Home\Controller\StudentInfoController.class.php 第 59 行.

[ 2017-05-31T22:13:33+08:00 ] ::1 /personalCenter/h5admin/index.php/Home/StudentInfo/getAllStduentlist
6: hello in there
[ 2017-05-31T22:13:33+08:00 ] ::1 /personalCenter/h5admin/index.php/Home/StudentInfo/getAllStduentlist
6: hello in there!!! {"meta":{"code":0},"stuData":null,"staData":[]} 
[ 2017-05-31T22:13:33+08:00 ] ::1 /personalCenter/h5admin/index.php/Home/StudentInfo/getAllStduentlist
INFO: [ app_begin ] --START--
INFO: Run Behavior\ReadHtmlCacheBehavior [ RunTime:0.000718s ]
INFO: [ app_begin ] --END-- [ RunTime:0.001330s ]
NOTIC: [2] file_get_contents(): Unable to locate certificate CN D:\wamp64\www\personalCenter\h5admin\Application\Home\Controller\StudentInfoController.class.php 第 37 行.
NOTIC: [2] file_get_contents(): SSL operation failed with code 1. OpenSSL Error messages:
error:14090086:SSL routines:SSL3_GET_SERVER_CERTIFICATE:certificate verify failed D:\wamp64\www\personalCenter\h5admin\Application\Home\Controller\StudentInfoController.class.php 第 37 行.
NOTIC: [2] file_get_contents(): Failed to enable crypto D:\wamp64\www\personalCenter\h5admin\Application\Home\Controller\StudentInfoController.class.php 第 37 行.
NOTIC: [2] file_get_contents(https://api.mysspku.com/index.php/V2/TeacherInfo/getStudents?teacherid=1601210606&amp;token=aaaaaaaaaaaaaaaaaaaaaaaaaaaaaaaa): failed to open stream: operation failed D:\wamp64\www\personalCenter\h5admin\Application\Home\Controller\StudentInfoController.class.php 第 37 行.
NOTIC: [2] Invalid argument supplied for foreach() D:\wamp64\www\personalCenter\h5admin\Application\Home\Controller\StudentInfoController.class.php 第 59 行.

[ 2017-05-31T22:15:25+08:00 ] ::1 /personalCenter/h5admin/index.php/Home/StudentInfo/getAllStduentlist
6: hello in there
[ 2017-05-31T22:15:25+08:00 ] ::1 /personalCenter/h5admin/index.php/Home/StudentInfo/getAllStduentlist
INFO: [ app_begin ] --START--
INFO: Run Behavior\ReadHtmlCacheBehavior [ RunTime:0.000944s ]
INFO: [ app_begin ] --END-- [ RunTime:0.001679s ]

[ 2017-05-31T22:17:25+08:00 ] ::1 /personalCenter/h5admin/index.php/Home/StudentInfo/getAllStduentlist
6: hello in there
[ 2017-05-31T22:17:25+08:00 ] ::1 /personalCenter/h5admin/index.php/Home/StudentInfo/getAllStduentlist
INFO: [ app_begin ] --START--
INFO: Run Behavior\ReadHtmlCacheBehavior [ RunTime:0.000759s ]
INFO: [ app_begin ] --END-- [ RunTime:0.001396s ]

[ 2017-05-31T22:17:32+08:00 ] ::1 /personalCenter/h5admin/index.php/Home/StudentInfo/getAllStduentlist
6: hello in there
[ 2017-05-31T22:17:32+08:00 ] ::1 /personalCenter/h5admin/index.php/Home/StudentInfo/getAllStduentlist
INFO: [ app_begin ] --START--
INFO: Run Behavior\ReadHtmlCacheBehavior [ RunTime:0.000757s ]
INFO: [ app_begin ] --END-- [ RunTime:0.001411s ]

[ 2017-05-31T22:17:56+08:00 ] ::1 /personalCenter/h5admin/index.php/Home/StudentInfo/getAllStduentlist
6: hello in there
[ 2017-05-31T22:17:56+08:00 ] ::1 /personalCenter/h5admin/index.php/Home/StudentInfo/getAllStduentlist
6: hello in there!!! {"meta":{"code":0},"stuData":null,"staData":[]} 
[ 2017-05-31T22:17:56+08:00 ] ::1 /personalCenter/h5admin/index.php/Home/StudentInfo/getAllStduentlist
INFO: [ app_begin ] --START--
INFO: Run Behavior\ReadHtmlCacheBehavior [ RunTime:0.000628s ]
INFO: [ app_begin ] --END-- [ RunTime:0.001096s ]
NOTIC: [2] file_get_contents(): Unable to locate certificate CN D:\wamp64\www\personalCenter\h5admin\Application\Home\Controller\StudentInfoController.class.php 第 37 行.
NOTIC: [2] file_get_contents(): SSL operation failed with code 1. OpenSSL Error messages:
error:14090086:SSL routines:SSL3_GET_SERVER_CERTIFICATE:certificate verify failed D:\wamp64\www\personalCenter\h5admin\Application\Home\Controller\StudentInfoController.class.php 第 37 行.
NOTIC: [2] file_get_contents(): Failed to enable crypto D:\wamp64\www\personalCenter\h5admin\Application\Home\Controller\StudentInfoController.class.php 第 37 行.
NOTIC: [2] file_get_contents(https://api.mysspku.com/index.php/V2/TeacherInfo/getStudents?teacherid=1601210606&amp;token=aaaaaaaaaaaaaaaaaaaaaaaaaaaaaaaa): failed to open stream: operation failed D:\wamp64\www\personalCenter\h5admin\Application\Home\Controller\StudentInfoController.class.php 第 37 行.
NOTIC: [2] Invalid argument supplied for foreach() D:\wamp64\www\personalCenter\h5admin\Application\Home\Controller\StudentInfoController.class.php 第 59 行.

[ 2017-05-31T22:48:28+08:00 ] ::1 /personalCenter/h5admin/index.php/Home/StudentInfo/getAllStduentlist
6: hello in there
[ 2017-05-31T22:48:28+08:00 ] ::1 /personalCenter/h5admin/index.php/Home/StudentInfo/getAllStduentlist
6: hello in there!!! {"meta":{"code":0},"stuData":null,"staData":[]} 
[ 2017-05-31T23:06:56+08:00 ] ::1 /personalCenter/h5admin/
ERR: 无法加载控制器:Index

[ 2017-05-31T23:07:04+08:00 ] ::1 /personalCenter/h5admin/index.php/Home/StudentInfo/getAllStduentlist
6: hello in there
[ 2017-05-31T23:07:05+08:00 ] ::1 /personalCenter/h5admin/index.php/Home/StudentInfo/getAllStduentlist
6: hello in there!!! {"meta":{"code":"0"},"stuData":null,"staData":[]} 
[ 2017-05-31T23:07:05+08:00 ] ::1 /personalCenter/h5admin/index.php/Home/StudentInfo/getAllStduentlist
INFO: [ app_begin ] --START--
INFO: Run Behavior\ReadHtmlCacheBehavior [ RunTime:0.000790s ]
INFO: [ app_begin ] --END-- [ RunTime:0.001479s ]
NOTIC: [2] file_get_contents(): Unable to locate certificate CN D:\wamp64\www\personalCenter\h5admin\Application\Home\Controller\StudentInfoController.class.php 第 37 行.
NOTIC: [2] file_get_contents(): SSL operation failed with code 1. OpenSSL Error messages:
error:14090086:SSL routines:SSL3_GET_SERVER_CERTIFICATE:certificate verify failed D:\wamp64\www\personalCenter\h5admin\Application\Home\Controller\StudentInfoController.class.php 第 37 行.
NOTIC: [2] file_get_contents(): Failed to enable crypto D:\wamp64\www\personalCenter\h5admin\Application\Home\Controller\StudentInfoController.class.php 第 37 行.
NOTIC: [2] file_get_contents(https://api.mysspku.com/index.php/V2/TeacherInfo/getStudents?teacherid=1601210606&amp;token=aaaaaaaaaaaaaaaaaaaaaaaaaaaaaaaa): failed to open stream: operation failed D:\wamp64\www\personalCenter\h5admin\Application\Home\Controller\StudentInfoController.class.php 第 37 行.
NOTIC: [2] Invalid argument supplied for foreach() D:\wamp64\www\personalCenter\h5admin\Application\Home\Controller\StudentInfoController.class.php 第 59 行.

[ 2017-05-31T23:07:41+08:00 ] ::1 /personalCenter/h5admin/index.php/Home/StudentInfo/getAllStduentlist
6: hello in there
[ 2017-05-31T23:07:41+08:00 ] ::1 /personalCenter/h5admin/index.php/Home/StudentInfo/getAllStduentlist
6: hello in there!!! {"meta":{"code":"0"},"stuData":null,"staData":[]} 
[ 2017-05-31T23:07:41+08:00 ] ::1 /personalCenter/h5admin/index.php/Home/StudentInfo/getAllStduentlist
INFO: [ app_begin ] --START--
INFO: Run Behavior\ReadHtmlCacheBehavior [ RunTime:0.000728s ]
INFO: [ app_begin ] --END-- [ RunTime:0.001443s ]
NOTIC: [2] file_get_contents(): Unable to locate certificate CN D:\wamp64\www\personalCenter\h5admin\Application\Home\Controller\StudentInfoController.class.php 第 37 行.
NOTIC: [2] file_get_contents(): SSL operation failed with code 1. OpenSSL Error messages:
error:14090086:SSL routines:SSL3_GET_SERVER_CERTIFICATE:certificate verify failed D:\wamp64\www\personalCenter\h5admin\Application\Home\Controller\StudentInfoController.class.php 第 37 行.
NOTIC: [2] file_get_contents(): Failed to enable crypto D:\wamp64\www\personalCenter\h5admin\Application\Home\Controller\StudentInfoController.class.php 第 37 行.
NOTIC: [2] file_get_contents(https://api.mysspku.com/index.php/V2/TeacherInfo/getStudents?teacherid=1601210606&amp;token=aaaaaaaaaaaaaaaaaaaaaaaaaaaaaaaa): failed to open stream: operation failed D:\wamp64\www\personalCenter\h5admin\Application\Home\Controller\StudentInfoController.class.php 第 37 行.
NOTIC: [2] Invalid argument supplied for foreach() D:\wamp64\www\personalCenter\h5admin\Application\Home\Controller\StudentInfoController.class.php 第 59 行.

