[ 2017-06-06T10:13:51+08:00 ] ::1 /personalCenter/h5admin/
INFO: [ app_init ] --START--
INFO: Run Behavior\BuildLiteBehavior [ RunTime:0.000028s ]
INFO: [ app_init ] --END-- [ RunTime:0.016801s ]
INFO: [ app_begin ] --START--
INFO: Run Behavior\ReadHtmlCacheBehavior [ RunTime:0.016421s ]
INFO: [ app_begin ] --END-- [ RunTime:0.016558s ]
ERR: 无法加载控制器:Index

[ 2017-06-06T10:13:57+08:00 ] ::1 /personalCenter/h5admin/index.php/Home/StudentInfo/index
INFO: [ app_init ] --START--
INFO: Run Behavior\BuildLiteBehavior [ RunTime:0.000024s ]
INFO: [ app_init ] --END-- [ RunTime:0.000645s ]
INFO: [ app_begin ] --START--
INFO: Run Behavior\ReadHtmlCacheBehavior [ RunTime:0.000735s ]
INFO: [ app_begin ] --END-- [ RunTime:0.000863s ]
INFO: [ view_parse ] --START--
NOTIC: [2] filemtime(): stat failed for ./Application/Runtime/Cache\14ed165b3983deeb0c0d6a50858076d3bc8529ac.file.index.html.php D:\wamp64\www\personalCenter\h5admin\ThinkPHP\Library\Vendor\Smarty\sysplugins\smarty_resource.php 第 683 行.
NOTIC: [2] unlink(./Application/Runtime/Cache\14ed165b3983deeb0c0d6a50858076d3bc8529ac.file.index.html.php): No such file or directory D:\wamp64\www\personalCenter\h5admin\ThinkPHP\Library\Vendor\Smarty\sysplugins\smarty_internal_write_file.php 第 49 行.
INFO: Run Behavior\ParseTemplateBehavior [ RunTime:0.174029s ]
INFO: [ view_parse ] --END-- [ RunTime:0.174154s ]
INFO: [ view_filter ] --START--
INFO: Run Behavior\WriteHtmlCacheBehavior [ RunTime:0.022438s ]
INFO: [ view_filter ] --END-- [ RunTime:0.022555s ]
INFO: [ template_filter ] --START--
INFO: Run Behavior\ContentReplaceBehavior [ RunTime:0.001593s ]
INFO: [ template_filter ] --END-- [ RunTime:0.001716s ]
INFO: [ app_end ] --START--
INFO: Run Behavior\ShowPageTraceBehavior [ RunTime:0.001984s ]
INFO: [ app_end ] --END-- [ RunTime:0.002105s ]

[ 2017-06-06T10:14:16+08:00 ] ::1 /personalCenter/h5admin/index.php/Home/StudentInfo/index
INFO: [ app_init ] --START--
INFO: Run Behavior\BuildLiteBehavior [ RunTime:0.000025s ]
INFO: [ app_init ] --END-- [ RunTime:0.000589s ]
INFO: [ app_begin ] --START--
INFO: Run Behavior\ReadHtmlCacheBehavior [ RunTime:0.000658s ]
INFO: [ app_begin ] --END-- [ RunTime:0.000778s ]
INFO: [ view_parse ] --START--
INFO: Run Behavior\ParseTemplateBehavior [ RunTime:0.010655s ]
INFO: [ view_parse ] --END-- [ RunTime:0.010773s ]
INFO: [ view_filter ] --START--
INFO: Run Behavior\WriteHtmlCacheBehavior [ RunTime:0.000435s ]
INFO: [ view_filter ] --END-- [ RunTime:0.000532s ]
INFO: [ template_filter ] --START--
INFO: Run Behavior\ContentReplaceBehavior [ RunTime:0.000082s ]
INFO: [ template_filter ] --END-- [ RunTime:0.000170s ]
INFO: [ app_end ] --START--
INFO: Run Behavior\ShowPageTraceBehavior [ RunTime:0.000585s ]
INFO: [ app_end ] --END-- [ RunTime:0.000686s ]

[ 2017-06-06T10:15:07+08:00 ] ::1 /personalCenter/h5admin/index.php/Home/StudentInfo/index
INFO: [ app_init ] --START--
INFO: Run Behavior\BuildLiteBehavior [ RunTime:0.000026s ]
INFO: [ app_init ] --END-- [ RunTime:0.000637s ]
INFO: [ app_begin ] --START--
INFO: Run Behavior\ReadHtmlCacheBehavior [ RunTime:0.000731s ]
INFO: [ app_begin ] --END-- [ RunTime:0.000854s ]
INFO: [ view_parse ] --START--
INFO: Run Behavior\ParseTemplateBehavior [ RunTime:0.012913s ]
INFO: [ view_parse ] --END-- [ RunTime:0.013032s ]
INFO: [ view_filter ] --START--
INFO: Run Behavior\WriteHtmlCacheBehavior [ RunTime:0.000416s ]
INFO: [ view_filter ] --END-- [ RunTime:0.000521s ]
INFO: [ template_filter ] --START--
INFO: Run Behavior\ContentReplaceBehavior [ RunTime:0.000085s ]
INFO: [ template_filter ] --END-- [ RunTime:0.000179s ]
INFO: [ app_end ] --START--
INFO: Run Behavior\ShowPageTraceBehavior [ RunTime:0.000618s ]
INFO: [ app_end ] --END-- [ RunTime:0.000723s ]

[ 2017-06-06T10:15:30+08:00 ] ::1 /personalCenter/h5admin/index.php/Home/StudentInfo/index
INFO: [ app_init ] --START--
INFO: Run Behavior\BuildLiteBehavior [ RunTime:0.000027s ]
INFO: [ app_init ] --END-- [ RunTime:0.000816s ]
INFO: [ app_begin ] --START--
INFO: Run Behavior\ReadHtmlCacheBehavior [ RunTime:0.000686s ]
INFO: [ app_begin ] --END-- [ RunTime:0.000796s ]
INFO: [ view_parse ] --START--
INFO: Run Behavior\ParseTemplateBehavior [ RunTime:0.012065s ]
INFO: [ view_parse ] --END-- [ RunTime:0.012182s ]
INFO: [ view_filter ] --START--
INFO: Run Behavior\WriteHtmlCacheBehavior [ RunTime:0.000523s ]
INFO: [ view_filter ] --END-- [ RunTime:0.000626s ]
INFO: [ template_filter ] --START--
INFO: Run Behavior\ContentReplaceBehavior [ RunTime:0.000083s ]
INFO: [ template_filter ] --END-- [ RunTime:0.000177s ]
INFO: [ app_end ] --START--
INFO: Run Behavior\ShowPageTraceBehavior [ RunTime:0.000755s ]
INFO: [ app_end ] --END-- [ RunTime:0.000857s ]

[ 2017-06-06T10:19:31+08:00 ] ::1 /personalCenter/h5admin/index.php/Home/StudentInfo/index
INFO: [ app_init ] --START--
INFO: Run Behavior\BuildLiteBehavior [ RunTime:0.000023s ]
INFO: [ app_init ] --END-- [ RunTime:0.000584s ]
INFO: [ app_begin ] --START--
INFO: Run Behavior\ReadHtmlCacheBehavior [ RunTime:0.000910s ]
INFO: [ app_begin ] --END-- [ RunTime:0.001066s ]
NOTIC: [8] A session had already been started - ignoring session_start() D:\wamp64\www\personalCenter\h5admin\ThinkPHP\Common\functions.php 第 1272 行.
INFO: [ view_parse ] --START--
INFO: Run Behavior\ParseTemplateBehavior [ RunTime:0.012971s ]
INFO: [ view_parse ] --END-- [ RunTime:0.013153s ]
INFO: [ view_filter ] --START--
INFO: Run Behavior\WriteHtmlCacheBehavior [ RunTime:0.000746s ]
INFO: [ view_filter ] --END-- [ RunTime:0.000881s ]
INFO: [ template_filter ] --START--
INFO: Run Behavior\ContentReplaceBehavior [ RunTime:0.000087s ]
INFO: [ template_filter ] --END-- [ RunTime:0.000180s ]
INFO: [ app_end ] --START--
INFO: Run Behavior\ShowPageTraceBehavior [ RunTime:0.000735s ]
INFO: [ app_end ] --END-- [ RunTime:0.000842s ]

[ 2017-06-06T10:19:31+08:00 ] ::1 /personalCenter/h5admin/index.php/Home/StudentInfo/getAllStduentlist
6: hello in there
[ 2017-06-06T10:19:32+08:00 ] ::1 /personalCenter/h5admin/index.php/Home/StudentInfo/getAllStduentlist
6: hello in there!!! {"meta":{"code":"0"},"stuData":null,"staData":[]} 
[ 2017-06-06T10:19:32+08:00 ] ::1 /personalCenter/h5admin/index.php/Home/StudentInfo/getAllStduentlist
INFO: [ app_init ] --START--
INFO: Run Behavior\BuildLiteBehavior [ RunTime:0.000026s ]
INFO: [ app_init ] --END-- [ RunTime:0.000590s ]
INFO: [ app_begin ] --START--
INFO: Run Behavior\ReadHtmlCacheBehavior [ RunTime:0.000595s ]
INFO: [ app_begin ] --END-- [ RunTime:0.000694s ]
NOTIC: [2] file_get_contents(): Unable to locate certificate CN D:\wamp64\www\personalCenter\h5admin\Application\Home\Controller\StudentInfoController.class.php 第 38 行.
NOTIC: [2] file_get_contents(): SSL operation failed with code 1. OpenSSL Error messages:
error:14090086:SSL routines:SSL3_GET_SERVER_CERTIFICATE:certificate verify failed D:\wamp64\www\personalCenter\h5admin\Application\Home\Controller\StudentInfoController.class.php 第 38 行.
NOTIC: [2] file_get_contents(): Failed to enable crypto D:\wamp64\www\personalCenter\h5admin\Application\Home\Controller\StudentInfoController.class.php 第 38 行.
NOTIC: [2] file_get_contents(https://api.mysspku.com/index.php/V2/TeacherInfo/getStudents?teacherid=1601210606&amp;token=aaaaaaaaaaaaaaaaaaaaaaaaaaaaaaaa): failed to open stream: operation failed D:\wamp64\www\personalCenter\h5admin\Application\Home\Controller\StudentInfoController.class.php 第 38 行.
NOTIC: [2] Invalid argument supplied for foreach() D:\wamp64\www\personalCenter\h5admin\Application\Home\Controller\StudentInfoController.class.php 第 60 行.

[ 2017-06-06T10:40:09+08:00 ] ::1 /personalCenter/h5admin/index.php/Home/StudentInfo/index
INFO: [ app_init ] --START--
INFO: Run Behavior\BuildLiteBehavior [ RunTime:0.000024s ]
INFO: [ app_init ] --END-- [ RunTime:0.000632s ]
INFO: [ app_begin ] --START--
INFO: Run Behavior\ReadHtmlCacheBehavior [ RunTime:0.000698s ]
INFO: [ app_begin ] --END-- [ RunTime:0.000810s ]
NOTIC: [8] A session had already been started - ignoring session_start() D:\wamp64\www\personalCenter\h5admin\ThinkPHP\Common\functions.php 第 1272 行.
INFO: [ view_parse ] --START--
INFO: Run Behavior\ParseTemplateBehavior [ RunTime:0.009600s ]
INFO: [ view_parse ] --END-- [ RunTime:0.009723s ]
INFO: [ view_filter ] --START--
INFO: Run Behavior\WriteHtmlCacheBehavior [ RunTime:0.000527s ]
INFO: [ view_filter ] --END-- [ RunTime:0.000641s ]
INFO: [ template_filter ] --START--
INFO: Run Behavior\ContentReplaceBehavior [ RunTime:0.000094s ]
INFO: [ template_filter ] --END-- [ RunTime:0.000197s ]
INFO: [ app_end ] --START--
INFO: Run Behavior\ShowPageTraceBehavior [ RunTime:0.000718s ]
INFO: [ app_end ] --END-- [ RunTime:0.000829s ]

[ 2017-06-06T10:40:14+08:00 ] ::1 /personalCenter/h5admin/index.php/Home/StudentInfo/index
INFO: [ app_init ] --START--
INFO: Run Behavior\BuildLiteBehavior [ RunTime:0.000022s ]
INFO: [ app_init ] --END-- [ RunTime:0.000576s ]
INFO: [ app_begin ] --START--
INFO: Run Behavior\ReadHtmlCacheBehavior [ RunTime:0.000635s ]
INFO: [ app_begin ] --END-- [ RunTime:0.000742s ]
NOTIC: [8] A session had already been started - ignoring session_start() D:\wamp64\www\personalCenter\h5admin\ThinkPHP\Common\functions.php 第 1272 行.
INFO: [ view_parse ] --START--
INFO: Run Behavior\ParseTemplateBehavior [ RunTime:0.008635s ]
INFO: [ view_parse ] --END-- [ RunTime:0.008739s ]
INFO: [ view_filter ] --START--
INFO: Run Behavior\WriteHtmlCacheBehavior [ RunTime:0.000498s ]
INFO: [ view_filter ] --END-- [ RunTime:0.000593s ]
INFO: [ template_filter ] --START--
INFO: Run Behavior\ContentReplaceBehavior [ RunTime:0.000076s ]
INFO: [ template_filter ] --END-- [ RunTime:0.000164s ]
INFO: [ app_end ] --START--
INFO: Run Behavior\ShowPageTraceBehavior [ RunTime:0.000669s ]
INFO: [ app_end ] --END-- [ RunTime:0.000766s ]

[ 2017-06-06T10:40:18+08:00 ] ::1 /personalCenter/h5admin/index.php/Home/StudentInfo/index
INFO: [ app_init ] --START--
INFO: Run Behavior\BuildLiteBehavior [ RunTime:0.000027s ]
INFO: [ app_init ] --END-- [ RunTime:0.000486s ]
INFO: [ app_begin ] --START--
INFO: Run Behavior\ReadHtmlCacheBehavior [ RunTime:0.000585s ]
INFO: [ app_begin ] --END-- [ RunTime:0.000686s ]
NOTIC: [8] A session had already been started - ignoring session_start() D:\wamp64\www\personalCenter\h5admin\ThinkPHP\Common\functions.php 第 1272 行.
INFO: [ view_parse ] --START--
INFO: Run Behavior\ParseTemplateBehavior [ RunTime:0.009483s ]
INFO: [ view_parse ] --END-- [ RunTime:0.009589s ]
INFO: [ view_filter ] --START--
INFO: Run Behavior\WriteHtmlCacheBehavior [ RunTime:0.000499s ]
INFO: [ view_filter ] --END-- [ RunTime:0.000590s ]
INFO: [ template_filter ] --START--
INFO: Run Behavior\ContentReplaceBehavior [ RunTime:0.000076s ]
INFO: [ template_filter ] --END-- [ RunTime:0.000160s ]
INFO: [ app_end ] --START--
INFO: Run Behavior\ShowPageTraceBehavior [ RunTime:0.000661s ]
INFO: [ app_end ] --END-- [ RunTime:0.000757s ]

[ 2017-06-06T10:40:21+08:00 ] ::1 /personalCenter/h5admin/index.php/Home/StudentInfo/index
INFO: [ app_init ] --START--
INFO: Run Behavior\BuildLiteBehavior [ RunTime:0.000022s ]
INFO: [ app_init ] --END-- [ RunTime:0.000540s ]
INFO: [ app_begin ] --START--
INFO: Run Behavior\ReadHtmlCacheBehavior [ RunTime:0.000623s ]
INFO: [ app_begin ] --END-- [ RunTime:0.000723s ]
NOTIC: [8] A session had already been started - ignoring session_start() D:\wamp64\www\personalCenter\h5admin\ThinkPHP\Common\functions.php 第 1272 行.
INFO: [ view_parse ] --START--
INFO: Run Behavior\ParseTemplateBehavior [ RunTime:0.009882s ]
INFO: [ view_parse ] --END-- [ RunTime:0.009989s ]
INFO: [ view_filter ] --START--
INFO: Run Behavior\WriteHtmlCacheBehavior [ RunTime:0.000510s ]
INFO: [ view_filter ] --END-- [ RunTime:0.000604s ]
INFO: [ template_filter ] --START--
INFO: Run Behavior\ContentReplaceBehavior [ RunTime:0.000080s ]
INFO: [ template_filter ] --END-- [ RunTime:0.000167s ]
INFO: [ app_end ] --START--
INFO: Run Behavior\ShowPageTraceBehavior [ RunTime:0.000753s ]
INFO: [ app_end ] --END-- [ RunTime:0.000847s ]

[ 2017-06-06T10:40:24+08:00 ] ::1 /personalCenter/h5admin/index.php/Home/StudentInfo/index
INFO: [ app_init ] --START--
INFO: Run Behavior\BuildLiteBehavior [ RunTime:0.000021s ]
INFO: [ app_init ] --END-- [ RunTime:0.000623s ]
INFO: [ app_begin ] --START--
INFO: Run Behavior\ReadHtmlCacheBehavior [ RunTime:0.000639s ]
INFO: [ app_begin ] --END-- [ RunTime:0.000744s ]
NOTIC: [8] A session had already been started - ignoring session_start() D:\wamp64\www\personalCenter\h5admin\ThinkPHP\Common\functions.php 第 1272 行.
INFO: [ view_parse ] --START--
INFO: Run Behavior\ParseTemplateBehavior [ RunTime:0.009019s ]
INFO: [ view_parse ] --END-- [ RunTime:0.009129s ]
INFO: [ view_filter ] --START--
INFO: Run Behavior\WriteHtmlCacheBehavior [ RunTime:0.000563s ]
INFO: [ view_filter ] --END-- [ RunTime:0.000656s ]
INFO: [ template_filter ] --START--
INFO: Run Behavior\ContentReplaceBehavior [ RunTime:0.000073s ]
INFO: [ template_filter ] --END-- [ RunTime:0.000155s ]
INFO: [ app_end ] --START--
INFO: Run Behavior\ShowPageTraceBehavior [ RunTime:0.000697s ]
INFO: [ app_end ] --END-- [ RunTime:0.000789s ]

[ 2017-06-06T10:40:27+08:00 ] ::1 /personalCenter/h5admin/index.php/Home/StudentInfo/index
INFO: [ app_init ] --START--
INFO: Run Behavior\BuildLiteBehavior [ RunTime:0.000027s ]
INFO: [ app_init ] --END-- [ RunTime:0.000655s ]
INFO: [ app_begin ] --START--
INFO: Run Behavior\ReadHtmlCacheBehavior [ RunTime:0.000695s ]
INFO: [ app_begin ] --END-- [ RunTime:0.000810s ]
NOTIC: [8] A session had already been started - ignoring session_start() D:\wamp64\www\personalCenter\h5admin\ThinkPHP\Common\functions.php 第 1272 行.
INFO: [ view_parse ] --START--
INFO: Run Behavior\ParseTemplateBehavior [ RunTime:0.010926s ]
INFO: [ view_parse ] --END-- [ RunTime:0.011036s ]
INFO: [ view_filter ] --START--
INFO: Run Behavior\WriteHtmlCacheBehavior [ RunTime:0.000583s ]
INFO: [ view_filter ] --END-- [ RunTime:0.000677s ]
INFO: [ template_filter ] --START--
INFO: Run Behavior\ContentReplaceBehavior [ RunTime:0.000076s ]
INFO: [ template_filter ] --END-- [ RunTime:0.000164s ]
INFO: [ app_end ] --START--
INFO: Run Behavior\ShowPageTraceBehavior [ RunTime:0.000752s ]
INFO: [ app_end ] --END-- [ RunTime:0.000849s ]

[ 2017-06-06T10:40:35+08:00 ] ::1 /personalCenter/h5admin/index.php/Home/StudentInfo/index
INFO: [ app_init ] --START--
INFO: Run Behavior\BuildLiteBehavior [ RunTime:0.000022s ]
INFO: [ app_init ] --END-- [ RunTime:0.000652s ]
INFO: [ app_begin ] --START--
INFO: Run Behavior\ReadHtmlCacheBehavior [ RunTime:0.000723s ]
INFO: [ app_begin ] --END-- [ RunTime:0.000825s ]
NOTIC: [8] A session had already been started - ignoring session_start() D:\wamp64\www\personalCenter\h5admin\ThinkPHP\Common\functions.php 第 1272 行.
INFO: [ view_parse ] --START--
INFO: Run Behavior\ParseTemplateBehavior [ RunTime:0.011041s ]
INFO: [ view_parse ] --END-- [ RunTime:0.011163s ]
INFO: [ view_filter ] --START--
INFO: Run Behavior\WriteHtmlCacheBehavior [ RunTime:0.000594s ]
INFO: [ view_filter ] --END-- [ RunTime:0.000688s ]
INFO: [ template_filter ] --START--
INFO: Run Behavior\ContentReplaceBehavior [ RunTime:0.000123s ]
INFO: [ template_filter ] --END-- [ RunTime:0.000214s ]
INFO: [ app_end ] --START--
INFO: Run Behavior\ShowPageTraceBehavior [ RunTime:0.000767s ]
INFO: [ app_end ] --END-- [ RunTime:0.000864s ]

[ 2017-06-06T10:40:44+08:00 ] ::1 /personalCenter/h5admin/index.php/Home/StudentInfo/getAllStduentlist
6: hello in there
[ 2017-06-06T10:40:44+08:00 ] ::1 /personalCenter/h5admin/index.php/Home/StudentInfo/getAllStduentlist
6: hello in there!!! {"meta":{"code":"0"},"stuData":null,"staData":[]} 
[ 2017-06-06T10:40:44+08:00 ] ::1 /personalCenter/h5admin/index.php/Home/StudentInfo/getAllStduentlist
INFO: [ app_init ] --START--
INFO: Run Behavior\BuildLiteBehavior [ RunTime:0.000026s ]
INFO: [ app_init ] --END-- [ RunTime:0.000751s ]
INFO: [ app_begin ] --START--
INFO: Run Behavior\ReadHtmlCacheBehavior [ RunTime:0.000822s ]
INFO: [ app_begin ] --END-- [ RunTime:0.000944s ]
NOTIC: [8] A session had already been started - ignoring session_start() D:\wamp64\www\personalCenter\h5admin\ThinkPHP\Common\functions.php 第 1272 行.
NOTIC: [2] file_get_contents(): Unable to locate certificate CN D:\wamp64\www\personalCenter\h5admin\Application\Home\Controller\StudentInfoController.class.php 第 37 行.
NOTIC: [2] file_get_contents(): SSL operation failed with code 1. OpenSSL Error messages:
error:14090086:SSL routines:SSL3_GET_SERVER_CERTIFICATE:certificate verify failed D:\wamp64\www\personalCenter\h5admin\Application\Home\Controller\StudentInfoController.class.php 第 37 行.
NOTIC: [2] file_get_contents(): Failed to enable crypto D:\wamp64\www\personalCenter\h5admin\Application\Home\Controller\StudentInfoController.class.php 第 37 行.
NOTIC: [2] file_get_contents(https://api.mysspku.com/index.php/V2/TeacherInfo/getStudents?teacherid=1601210606&amp;token=aaaaaaaaaaaaaaaaaaaaaaaaaaaaaaaa): failed to open stream: operation failed D:\wamp64\www\personalCenter\h5admin\Application\Home\Controller\StudentInfoController.class.php 第 37 行.
NOTIC: [2] Invalid argument supplied for foreach() D:\wamp64\www\personalCenter\h5admin\Application\Home\Controller\StudentInfoController.class.php 第 59 行.

[ 2017-06-06T10:44:05+08:00 ] ::1 /personalCenter/h5admin/index.php/Home/StudentInfo/getAllStduentlist
6: hello in there
[ 2017-06-06T10:44:05+08:00 ] ::1 /personalCenter/h5admin/index.php/Home/StudentInfo/getAllStduentlist
6: hello in there!!! {"meta":{"code":"0"},"stuData":null,"staData":[]} 
[ 2017-06-06T10:44:05+08:00 ] ::1 /personalCenter/h5admin/index.php/Home/StudentInfo/getAllStduentlist
INFO: [ app_init ] --START--
INFO: Run Behavior\BuildLiteBehavior [ RunTime:0.000027s ]
INFO: [ app_init ] --END-- [ RunTime:0.000748s ]
INFO: [ app_begin ] --START--
INFO: Run Behavior\ReadHtmlCacheBehavior [ RunTime:0.000874s ]
INFO: [ app_begin ] --END-- [ RunTime:0.000997s ]
NOTIC: [2] file_get_contents(): Unable to locate certificate CN D:\wamp64\www\personalCenter\h5admin\Application\Home\Controller\StudentInfoController.class.php 第 37 行.
NOTIC: [2] file_get_contents(): SSL operation failed with code 1. OpenSSL Error messages:
error:14090086:SSL routines:SSL3_GET_SERVER_CERTIFICATE:certificate verify failed D:\wamp64\www\personalCenter\h5admin\Application\Home\Controller\StudentInfoController.class.php 第 37 行.
NOTIC: [2] file_get_contents(): Failed to enable crypto D:\wamp64\www\personalCenter\h5admin\Application\Home\Controller\StudentInfoController.class.php 第 37 行.
NOTIC: [2] file_get_contents(https://api.mysspku.com/index.php/V2/TeacherInfo/getStudents?teacherid=1601210606&amp;token=aaaaaaaaaaaaaaaaaaaaaaaaaaaaaaaa): failed to open stream: operation failed D:\wamp64\www\personalCenter\h5admin\Application\Home\Controller\StudentInfoController.class.php 第 37 行.
NOTIC: [2] Invalid argument supplied for foreach() D:\wamp64\www\personalCenter\h5admin\Application\Home\Controller\StudentInfoController.class.php 第 59 行.

[ 2017-06-06T10:44:06+08:00 ] ::1 /personalCenter/h5admin/index.php/Home/StudentInfo/getAllStduentlist
6: hello in there
[ 2017-06-06T10:44:06+08:00 ] ::1 /personalCenter/h5admin/index.php/Home/StudentInfo/getAllStduentlist
6: hello in there!!! {"meta":{"code":"0"},"stuData":null,"staData":[]} 
[ 2017-06-06T10:44:06+08:00 ] ::1 /personalCenter/h5admin/index.php/Home/StudentInfo/getAllStduentlist
INFO: [ app_init ] --START--
INFO: Run Behavior\BuildLiteBehavior [ RunTime:0.000028s ]
INFO: [ app_init ] --END-- [ RunTime:0.000710s ]
INFO: [ app_begin ] --START--
INFO: Run Behavior\ReadHtmlCacheBehavior [ RunTime:0.000922s ]
INFO: [ app_begin ] --END-- [ RunTime:0.001057s ]
NOTIC: [2] file_get_contents(): Unable to locate certificate CN D:\wamp64\www\personalCenter\h5admin\Application\Home\Controller\StudentInfoController.class.php 第 37 行.
NOTIC: [2] file_get_contents(): SSL operation failed with code 1. OpenSSL Error messages:
error:14090086:SSL routines:SSL3_GET_SERVER_CERTIFICATE:certificate verify failed D:\wamp64\www\personalCenter\h5admin\Application\Home\Controller\StudentInfoController.class.php 第 37 行.
NOTIC: [2] file_get_contents(): Failed to enable crypto D:\wamp64\www\personalCenter\h5admin\Application\Home\Controller\StudentInfoController.class.php 第 37 行.
NOTIC: [2] file_get_contents(https://api.mysspku.com/index.php/V2/TeacherInfo/getStudents?teacherid=1601210606&amp;token=aaaaaaaaaaaaaaaaaaaaaaaaaaaaaaaa): failed to open stream: operation failed D:\wamp64\www\personalCenter\h5admin\Application\Home\Controller\StudentInfoController.class.php 第 37 行.
NOTIC: [2] Invalid argument supplied for foreach() D:\wamp64\www\personalCenter\h5admin\Application\Home\Controller\StudentInfoController.class.php 第 59 行.

[ 2017-06-06T10:44:09+08:00 ] ::1 /personalCenter/h5admin/index.php/Home/StudentInfo/getAllStduentlist
6: hello in there
[ 2017-06-06T10:44:09+08:00 ] ::1 /personalCenter/h5admin/index.php/Home/StudentInfo/getAllStduentlist
6: hello in there!!! {"meta":{"code":"0"},"stuData":null,"staData":[]} 
[ 2017-06-06T10:44:09+08:00 ] ::1 /personalCenter/h5admin/index.php/Home/StudentInfo/getAllStduentlist
INFO: [ app_init ] --START--
INFO: Run Behavior\BuildLiteBehavior [ RunTime:0.000025s ]
INFO: [ app_init ] --END-- [ RunTime:0.000724s ]
INFO: [ app_begin ] --START--
INFO: Run Behavior\ReadHtmlCacheBehavior [ RunTime:0.000793s ]
INFO: [ app_begin ] --END-- [ RunTime:0.000916s ]
NOTIC: [2] file_get_contents(): Unable to locate certificate CN D:\wamp64\www\personalCenter\h5admin\Application\Home\Controller\StudentInfoController.class.php 第 37 行.
NOTIC: [2] file_get_contents(): SSL operation failed with code 1. OpenSSL Error messages:
error:14090086:SSL routines:SSL3_GET_SERVER_CERTIFICATE:certificate verify failed D:\wamp64\www\personalCenter\h5admin\Application\Home\Controller\StudentInfoController.class.php 第 37 行.
NOTIC: [2] file_get_contents(): Failed to enable crypto D:\wamp64\www\personalCenter\h5admin\Application\Home\Controller\StudentInfoController.class.php 第 37 行.
NOTIC: [2] file_get_contents(https://api.mysspku.com/index.php/V2/TeacherInfo/getStudents?teacherid=1601210606&amp;token=aaaaaaaaaaaaaaaaaaaaaaaaaaaaaaaa): failed to open stream: operation failed D:\wamp64\www\personalCenter\h5admin\Application\Home\Controller\StudentInfoController.class.php 第 37 行.
NOTIC: [2] Invalid argument supplied for foreach() D:\wamp64\www\personalCenter\h5admin\Application\Home\Controller\StudentInfoController.class.php 第 59 行.

[ 2017-06-06T10:47:19+08:00 ] ::1 /personalCenter/h5admin/index.php/Home/StudentInfo/getAllStduentlist
6: hello in there
[ 2017-06-06T10:47:19+08:00 ] ::1 /personalCenter/h5admin/index.php/Home/StudentInfo/getAllStduentlist
6: hello in there!!! {"meta":{"code":"0"},"stuData":null,"staData":[]} 
[ 2017-06-06T10:47:19+08:00 ] ::1 /personalCenter/h5admin/index.php/Home/StudentInfo/getAllStduentlist
INFO: [ app_init ] --START--
INFO: Run Behavior\BuildLiteBehavior [ RunTime:0.000025s ]
INFO: [ app_init ] --END-- [ RunTime:0.000728s ]
INFO: [ app_begin ] --START--
INFO: Run Behavior\ReadHtmlCacheBehavior [ RunTime:0.000797s ]
INFO: [ app_begin ] --END-- [ RunTime:0.000920s ]
NOTIC: [8] A session had already been started - ignoring session_start() D:\wamp64\www\personalCenter\h5admin\ThinkPHP\Common\functions.php 第 1272 行.
NOTIC: [2] file_get_contents(): Unable to locate certificate CN D:\wamp64\www\personalCenter\h5admin\Application\Home\Controller\StudentInfoController.class.php 第 37 行.
NOTIC: [2] file_get_contents(): SSL operation failed with code 1. OpenSSL Error messages:
error:14090086:SSL routines:SSL3_GET_SERVER_CERTIFICATE:certificate verify failed D:\wamp64\www\personalCenter\h5admin\Application\Home\Controller\StudentInfoController.class.php 第 37 行.
NOTIC: [2] file_get_contents(): Failed to enable crypto D:\wamp64\www\personalCenter\h5admin\Application\Home\Controller\StudentInfoController.class.php 第 37 行.
NOTIC: [2] file_get_contents(https://api.mysspku.com/index.php/V2/TeacherInfo/getStudents?teacherid=1601210606&amp;token=aaaaaaaaaaaaaaaaaaaaaaaaaaaaaaaa): failed to open stream: operation failed D:\wamp64\www\personalCenter\h5admin\Application\Home\Controller\StudentInfoController.class.php 第 37 行.
NOTIC: [2] Invalid argument supplied for foreach() D:\wamp64\www\personalCenter\h5admin\Application\Home\Controller\StudentInfoController.class.php 第 59 行.

[ 2017-06-06T14:17:27+08:00 ] ::1 /personalCenter/h5admin/
INFO: [ app_init ] --START--
INFO: Run Behavior\BuildLiteBehavior [ RunTime:0.000025s ]
INFO: [ app_init ] --END-- [ RunTime:0.000719s ]
INFO: [ app_begin ] --START--
INFO: Run Behavior\ReadHtmlCacheBehavior [ RunTime:0.000835s ]
INFO: [ app_begin ] --END-- [ RunTime:0.000968s ]
ERR: 无法加载控制器:Index

[ 2017-06-06T14:17:31+08:00 ] ::1 /personalCenter/h5admin/index.php/Home/StudentInfo/index
INFO: [ app_init ] --START--
INFO: Run Behavior\BuildLiteBehavior [ RunTime:0.000022s ]
INFO: [ app_init ] --END-- [ RunTime:0.000572s ]
INFO: [ app_begin ] --START--
INFO: Run Behavior\ReadHtmlCacheBehavior [ RunTime:0.000974s ]
INFO: [ app_begin ] --END-- [ RunTime:0.001099s ]
NOTIC: [8] A session had already been started - ignoring session_start() D:\wamp64\www\personalCenter\h5admin\ThinkPHP\Common\functions.php 第 1272 行.
INFO: [ view_parse ] --START--
INFO: Run Behavior\ParseTemplateBehavior [ RunTime:0.057619s ]
INFO: [ view_parse ] --END-- [ RunTime:0.057739s ]
INFO: [ view_filter ] --START--
INFO: Run Behavior\WriteHtmlCacheBehavior [ RunTime:0.000647s ]
INFO: [ view_filter ] --END-- [ RunTime:0.000730s ]
INFO: [ template_filter ] --START--
INFO: Run Behavior\ContentReplaceBehavior [ RunTime:0.000075s ]
INFO: [ template_filter ] --END-- [ RunTime:0.000150s ]
INFO: [ app_end ] --START--
INFO: Run Behavior\ShowPageTraceBehavior [ RunTime:0.000614s ]
INFO: [ app_end ] --END-- [ RunTime:0.000698s ]

[ 2017-06-06T14:18:28+08:00 ] ::1 /personalCenter/h5admin/index.php/Home/StudentInfo/index
INFO: [ app_init ] --START--
INFO: Run Behavior\BuildLiteBehavior [ RunTime:0.000022s ]
INFO: [ app_init ] --END-- [ RunTime:0.000650s ]
INFO: [ app_begin ] --START--
INFO: Run Behavior\ReadHtmlCacheBehavior [ RunTime:0.000842s ]
INFO: [ app_begin ] --END-- [ RunTime:0.000947s ]
NOTIC: [8] A session had already been started - ignoring session_start() D:\wamp64\www\personalCenter\h5admin\ThinkPHP\Common\functions.php 第 1272 行.
INFO: [ view_parse ] --START--
INFO: Run Behavior\ParseTemplateBehavior [ RunTime:0.070038s ]
INFO: [ view_parse ] --END-- [ RunTime:0.070145s ]
INFO: [ view_filter ] --START--
INFO: Run Behavior\WriteHtmlCacheBehavior [ RunTime:0.000548s ]
INFO: [ view_filter ] --END-- [ RunTime:0.000656s ]
INFO: [ template_filter ] --START--
INFO: Run Behavior\ContentReplaceBehavior [ RunTime:0.000127s ]
INFO: [ template_filter ] --END-- [ RunTime:0.000215s ]
INFO: [ app_end ] --START--
INFO: Run Behavior\ShowPageTraceBehavior [ RunTime:0.000692s ]
INFO: [ app_end ] --END-- [ RunTime:0.000788s ]

[ 2017-06-06T14:41:38+08:00 ] ::1 /personalCenter/h5admin/
INFO: [ app_init ] --START--
INFO: Run Behavior\BuildLiteBehavior [ RunTime:0.000021s ]
INFO: [ app_init ] --END-- [ RunTime:0.000606s ]
INFO: [ app_begin ] --START--
INFO: Run Behavior\ReadHtmlCacheBehavior [ RunTime:0.000601s ]
INFO: [ app_begin ] --END-- [ RunTime:0.000695s ]
ERR: 无法加载控制器:Index

[ 2017-06-06T14:41:42+08:00 ] ::1 /personalCenter/h5admin/index.php/Home/StudentInfo/index
INFO: [ app_init ] --START--
INFO: Run Behavior\BuildLiteBehavior [ RunTime:0.000021s ]
INFO: [ app_init ] --END-- [ RunTime:0.000648s ]
INFO: [ app_begin ] --START--
INFO: Run Behavior\ReadHtmlCacheBehavior [ RunTime:0.000791s ]
INFO: [ app_begin ] --END-- [ RunTime:0.000940s ]
NOTIC: [8] A session had already been started - ignoring session_start() D:\wamp64\www\personalCenter\h5admin\ThinkPHP\Common\functions.php 第 1272 行.
INFO: [ view_parse ] --START--
INFO: Run Behavior\ParseTemplateBehavior [ RunTime:0.051271s ]
INFO: [ view_parse ] --END-- [ RunTime:0.051378s ]
INFO: [ view_filter ] --START--
INFO: Run Behavior\WriteHtmlCacheBehavior [ RunTime:0.000619s ]
INFO: [ view_filter ] --END-- [ RunTime:0.000706s ]
INFO: [ template_filter ] --START--
INFO: Run Behavior\ContentReplaceBehavior [ RunTime:0.000071s ]
INFO: [ template_filter ] --END-- [ RunTime:0.000150s ]
INFO: [ app_end ] --START--
INFO: Run Behavior\ShowPageTraceBehavior [ RunTime:0.000652s ]
INFO: [ app_end ] --END-- [ RunTime:0.000755s ]

[ 2017-06-06T14:42:36+08:00 ] ::1 /personalCenter/h5admin/index.php/Home/StudentInfo/index
INFO: [ app_init ] --START--
INFO: Run Behavior\BuildLiteBehavior [ RunTime:0.000022s ]
INFO: [ app_init ] --END-- [ RunTime:0.000588s ]
INFO: [ app_begin ] --START--
INFO: Run Behavior\ReadHtmlCacheBehavior [ RunTime:0.000734s ]
INFO: [ app_begin ] --END-- [ RunTime:0.000871s ]
NOTIC: [8] A session had already been started - ignoring session_start() D:\wamp64\www\personalCenter\h5admin\ThinkPHP\Common\functions.php 第 1272 行.
INFO: [ view_parse ] --START--
INFO: Run Behavior\ParseTemplateBehavior [ RunTime:0.010713s ]
INFO: [ view_parse ] --END-- [ RunTime:0.010822s ]
INFO: [ view_filter ] --START--
INFO: Run Behavior\WriteHtmlCacheBehavior [ RunTime:0.000552s ]
INFO: [ view_filter ] --END-- [ RunTime:0.000638s ]
INFO: [ template_filter ] --START--
INFO: Run Behavior\ContentReplaceBehavior [ RunTime:0.000072s ]
INFO: [ template_filter ] --END-- [ RunTime:0.000151s ]
INFO: [ app_end ] --START--
INFO: Run Behavior\ShowPageTraceBehavior [ RunTime:0.000694s ]
INFO: [ app_end ] --END-- [ RunTime:0.000782s ]

[ 2017-06-06T14:42:36+08:00 ] ::1 /personalCenter/h5admin/index.php/Home/StudentInfo/getAllStduentlist
6: hello in there
[ 2017-06-06T14:42:36+08:00 ] ::1 /personalCenter/h5admin/index.php/Home/StudentInfo/getAllStduentlist
6: hello in there!!! {"meta":{"code":"0"},"stuData":[],"staData":[]} 
[ 2017-06-06T14:42:36+08:00 ] ::1 /personalCenter/h5admin/index.php/Home/StudentInfo/getAllStduentlist
INFO: [ app_init ] --START--
INFO: Run Behavior\BuildLiteBehavior [ RunTime:0.000021s ]
INFO: [ app_init ] --END-- [ RunTime:0.000610s ]
INFO: [ app_begin ] --START--
INFO: Run Behavior\ReadHtmlCacheBehavior [ RunTime:0.000665s ]
INFO: [ app_begin ] --END-- [ RunTime:0.000746s ]
NOTIC: [2] file_get_contents(): Unable to locate certificate CN D:\wamp64\www\personalCenter\h5admin\Application\Home\Controller\StudentInfoController.class.php 第 41 行.
NOTIC: [2] file_get_contents(): SSL operation failed with code 1. OpenSSL Error messages:
error:14090086:SSL routines:SSL3_GET_SERVER_CERTIFICATE:certificate verify failed D:\wamp64\www\personalCenter\h5admin\Application\Home\Controller\StudentInfoController.class.php 第 41 行.
NOTIC: [2] file_get_contents(): Failed to enable crypto D:\wamp64\www\personalCenter\h5admin\Application\Home\Controller\StudentInfoController.class.php 第 41 行.
NOTIC: [2] file_get_contents(https://api.mysspku.com/index.php/V2/TeacherInfo/getStudents?teacherid=1601210606&amp;token=aaaaaaaaaaaaaaaaaaaaaaaaaaaaaaaa): failed to open stream: operation failed D:\wamp64\www\personalCenter\h5admin\Application\Home\Controller\StudentInfoController.class.php 第 41 行.
NOTIC: [2] Invalid argument supplied for foreach() D:\wamp64\www\personalCenter\h5admin\Application\Home\Controller\StudentInfoController.class.php 第 63 行.
NOTIC: [2] Invalid argument supplied for foreach() D:\wamp64\www\personalCenter\h5admin\Application\Common\Common\function.php 第 6 行.

[ 2017-06-06T14:42:45+08:00 ] ::1 /personalCenter/h5admin/index.php/Home/StudentInfo/index
INFO: [ app_init ] --START--
INFO: Run Behavior\BuildLiteBehavior [ RunTime:0.000021s ]
INFO: [ app_init ] --END-- [ RunTime:0.000600s ]
INFO: [ app_begin ] --START--
INFO: Run Behavior\ReadHtmlCacheBehavior [ RunTime:0.000725s ]
INFO: [ app_begin ] --END-- [ RunTime:0.000822s ]
NOTIC: [8] A session had already been started - ignoring session_start() D:\wamp64\www\personalCenter\h5admin\ThinkPHP\Common\functions.php 第 1272 行.
INFO: [ view_parse ] --START--
INFO: Run Behavior\ParseTemplateBehavior [ RunTime:0.010324s ]
INFO: [ view_parse ] --END-- [ RunTime:0.010427s ]
INFO: [ view_filter ] --START--
INFO: Run Behavior\WriteHtmlCacheBehavior [ RunTime:0.000516s ]
INFO: [ view_filter ] --END-- [ RunTime:0.000604s ]
INFO: [ template_filter ] --START--
INFO: Run Behavior\ContentReplaceBehavior [ RunTime:0.000071s ]
INFO: [ template_filter ] --END-- [ RunTime:0.000152s ]
INFO: [ app_end ] --START--
INFO: Run Behavior\ShowPageTraceBehavior [ RunTime:0.000657s ]
INFO: [ app_end ] --END-- [ RunTime:0.000749s ]

[ 2017-06-06T14:42:45+08:00 ] ::1 /personalCenter/h5admin/index.php/Home/StudentInfo/getAllStduentlist
6: hello in there
[ 2017-06-06T14:42:45+08:00 ] ::1 /personalCenter/h5admin/index.php/Home/StudentInfo/getAllStduentlist
6: hello in there!!! {"meta":{"code":"0"},"stuData":[],"staData":[]} 
[ 2017-06-06T14:42:45+08:00 ] ::1 /personalCenter/h5admin/index.php/Home/StudentInfo/getAllStduentlist
INFO: [ app_init ] --START--
INFO: Run Behavior\BuildLiteBehavior [ RunTime:0.000028s ]
INFO: [ app_init ] --END-- [ RunTime:0.000749s ]
INFO: [ app_begin ] --START--
INFO: Run Behavior\ReadHtmlCacheBehavior [ RunTime:0.000862s ]
INFO: [ app_begin ] --END-- [ RunTime:0.000948s ]
NOTIC: [2] file_get_contents(): Unable to locate certificate CN D:\wamp64\www\personalCenter\h5admin\Application\Home\Controller\StudentInfoController.class.php 第 41 行.
NOTIC: [2] file_get_contents(): SSL operation failed with code 1. OpenSSL Error messages:
error:14090086:SSL routines:SSL3_GET_SERVER_CERTIFICATE:certificate verify failed D:\wamp64\www\personalCenter\h5admin\Application\Home\Controller\StudentInfoController.class.php 第 41 行.
NOTIC: [2] file_get_contents(): Failed to enable crypto D:\wamp64\www\personalCenter\h5admin\Application\Home\Controller\StudentInfoController.class.php 第 41 行.
NOTIC: [2] file_get_contents(https://api.mysspku.com/index.php/V2/TeacherInfo/getStudents?teacherid=1601210606&amp;token=aaaaaaaaaaaaaaaaaaaaaaaaaaaaaaaa): failed to open stream: operation failed D:\wamp64\www\personalCenter\h5admin\Application\Home\Controller\StudentInfoController.class.php 第 41 行.
NOTIC: [2] Invalid argument supplied for foreach() D:\wamp64\www\personalCenter\h5admin\Application\Home\Controller\StudentInfoController.class.php 第 63 行.
NOTIC: [2] Invalid argument supplied for foreach() D:\wamp64\www\personalCenter\h5admin\Application\Common\Common\function.php 第 6 行.

