[ 2017-06-16T23:17:54+08:00 ] ::1 /personalCenter/h5admin/
INFO: [ app_init ] --START--
INFO: Run Behavior\BuildLiteBehavior [ RunTime:0.000023s ]
INFO: [ app_init ] --END-- [ RunTime:0.015567s ]
INFO: [ app_begin ] --START--
INFO: Run Behavior\ReadHtmlCacheBehavior [ RunTime:0.016794s ]
INFO: [ app_begin ] --END-- [ RunTime:0.017054s ]
ERR: 无法加载控制器:Index

[ 2017-06-16T23:18:03+08:00 ] ::1 /personalCenter/h5admin/index.php/Home/StudentInfo/index
INFO: [ app_init ] --START--
INFO: Run Behavior\BuildLiteBehavior [ RunTime:0.000022s ]
INFO: [ app_init ] --END-- [ RunTime:0.000695s ]
INFO: [ app_begin ] --START--
INFO: Run Behavior\ReadHtmlCacheBehavior [ RunTime:0.000619s ]
INFO: [ app_begin ] --END-- [ RunTime:0.000723s ]
NOTIC: [8] A session had already been started - ignoring session_start() D:\wamp64\www\personalCenter\h5admin\ThinkPHP\Common\functions.php 第 1272 行.
INFO: [ view_parse ] --START--
INFO: Run Behavior\ParseTemplateBehavior [ RunTime:0.167361s ]
INFO: [ view_parse ] --END-- [ RunTime:0.167465s ]
INFO: [ view_filter ] --START--
INFO: Run Behavior\WriteHtmlCacheBehavior [ RunTime:0.012982s ]
INFO: [ view_filter ] --END-- [ RunTime:0.013204s ]
INFO: [ template_filter ] --START--
INFO: Run Behavior\ContentReplaceBehavior [ RunTime:0.020591s ]
INFO: [ template_filter ] --END-- [ RunTime:0.020915s ]
INFO: [ app_end ] --START--
INFO: Run Behavior\ShowPageTraceBehavior [ RunTime:0.019540s ]
INFO: [ app_end ] --END-- [ RunTime:0.019704s ]

[ 2017-06-16T23:18:22+08:00 ] ::1 /personalCenter/h5admin/index.php/Home/Util/getInfoOptions
INFO: [ app_init ] --START--
INFO: Run Behavior\BuildLiteBehavior [ RunTime:0.000022s ]
INFO: [ app_init ] --END-- [ RunTime:0.000681s ]
INFO: [ app_begin ] --START--
INFO: Run Behavior\ReadHtmlCacheBehavior [ RunTime:0.000775s ]
INFO: [ app_begin ] --END-- [ RunTime:0.000875s ]
NOTIC: [2] file_get_contents(): Unable to locate certificate CN D:\wamp64\www\personalCenter\h5admin\Application\Common\Common\function.php 第 26 行.
NOTIC: [2] file_get_contents(): SSL operation failed with code 1. OpenSSL Error messages:
error:14090086:SSL routines:SSL3_GET_SERVER_CERTIFICATE:certificate verify failed D:\wamp64\www\personalCenter\h5admin\Application\Common\Common\function.php 第 26 行.
NOTIC: [2] file_get_contents(): Failed to enable crypto D:\wamp64\www\personalCenter\h5admin\Application\Common\Common\function.php 第 26 行.
NOTIC: [2] file_get_contents(https://api.mysspku.com/index.php/V2/Public/getYearList?token=aaaaaaaaaaaaaaaaaaaaaaaaaaaaaaaa): failed to open stream: operation failed D:\wamp64\www\personalCenter\h5admin\Application\Common\Common\function.php 第 26 行.

